27/02/2026 16:28:31,87 - Automacao inteligente - Queries:INTELIGENTE Sync:PERFEITO 
27/02/2026 18:14:07,81 - Automacao inteligente - Queries:INTELIGENTE Sync:PERFEITO 
27/02/2026 18:47:59,03 - Automacao inteligente - Queries:INTELIGENTE Sync:PERFEITO 
27/02/2026 20:43:35,38 - Automacao inteligente - Queries:INTELIGENTE Sync:PERFEITO 
28/02/2026  7:48:09,60 - Automacao inteligente - Queries:INTELIGENTE Sync:PERFEITO 
28/02/2026  9:17:53,94 - Automacao inteligente - Queries:INTELIGENTE Sync:PERFEITO 
28/02/2026  9:50:02,02 - Automacao inteligente - Queries:INTELIGENTE Sync:PERFEITO 
28/02/2026 10:17:04,75 - Automacao inteligente - Queries:INTELIGENTE Sync:PERFEITO 
28/02/2026 11:12:25,94 - Automacao inteligente - Queries:INTELIGENTE Sync:PERFEITO 
28/02/2026 12:25:09,78 - Automacao inteligente - Queries:INTELIGENTE Sync:PERFEITO 
28/02/2026 12:47:11,79 - Automacao inteligente - Queries:INTELIGENTE Sync:PERFEITO 
28/02/2026 13:53:03,07 - Automacao inteligente - Queries:INTELIGENTE Sync:PERFEITO 
28/02/2026 14:26:12,33 - Automacao inteligente - Queries:INTELIGENTE Sync:PERFEITO 
28/02/2026 15:17:01,34 - Automacao inteligente - Queries:INTELIGENTE Sync:PERFEITO 
28/02/2026 15:19:54,79 - Automacao inteligente - Queries:INTELIGENTE Sync:PERFEITO 
28/02/2026 15:25:09,64 - Automacao inteligente - Queries:INTELIGENTE Sync:PERFEITO 
28/02/2026 15:33:36,20 - Automacao inteligente - Queries:INTELIGENTE Sync:PERFEITO 
28/02/2026 17:09:23,87 - Automacao inteligente - Queries:INTELIGENTE Sync:PERFEITO 
28/02/2026 18:23:43,47 - Automacao inteligente - Queries:INTELIGENTE Sync:PERFEITO 
02/03/2026  6:38:33,37 - Automacao inteligente - Queries:INTELIGENTE Sync:PERFEITO 
02/03/2026  6:50:16,09 - Automacao inteligente - Queries:INTELIGENTE Sync:PERFEITO 
02/03/2026  8:09:12,93 - Automacao inteligente - Queries:INTELIGENTE Sync:PERFEITO 
02/03/2026  9:12:46,77 - Automacao inteligente - Queries:INTELIGENTE Sync:PERFEITO 
02/03/2026  9:30:54,85 - Automacao inteligente - Queries:INTELIGENTE Sync:PERFEITO 
02/03/2026 10:56:34,71 - Automacao inteligente - Queries:INTELIGENTE Sync:PERFEITO 
02/03/2026 13:23:47,38 - Automacao inteligente - Queries:INTELIGENTE Sync:PERFEITO 
02/03/2026 14:47:04,18 - Automacao inteligente - Queries:INTELIGENTE Sync:PERFEITO 
02/03/2026 14:57:27,73 - Automacao inteligente - Queries:INTELIGENTE Sync:PERFEITO 
02/03/2026 15:46:51,74 - Automacao inteligente - Queries:INTELIGENTE Sync:PERFEITO 
02/03/2026 16:10:43,31 - Automacao inteligente - Queries:INTELIGENTE Sync:PERFEITO 
02/03/2026 16:21:00,88 - Automacao inteligente - Queries:INTELIGENTE Sync:PERFEITO 
02/03/2026 16:32:12,19 - Automacao inteligente - Queries:INTELIGENTE Sync:PERFEITO 
02/03/2026 16:37:01,60 - Automacao inteligente - Queries:INTELIGENTE Sync:PERFEITO 
02/03/2026 16:42:46,59 - Automacao inteligente - Queries:INTELIGENTE Sync:PERFEITO 
02/03/2026 16:54:41,29 - Automacao inteligente - Queries:INTELIGENTE Sync:PERFEITO 
02/03/2026 17:00:34,38 - Automacao inteligente - Queries:INTELIGENTE Sync:PERFEITO 
02/03/2026 17:24:22,79 - Automacao inteligente - Queries:INTELIGENTE Sync:PERFEITO 
02/03/2026 17:51:00,49 - Automacao inteligente - Queries:INTELIGENTE Sync:PERFEITO 
02/03/2026 18:18:18,57 - Automacao inteligente - Queries:INTELIGENTE Sync:PERFEITO 
02/03/2026 18:42:11,18 - Automacao inteligente - Queries:INTELIGENTE Sync:PERFEITO 
02/03/2026 19:08:30,57 - Automacao inteligente - Queries:INTELIGENTE Sync:PERFEITO 
02/03/2026 19:39:32,46 - Automacao inteligente - Queries:INTELIGENTE Sync:PERFEITO 
02/03/2026 20:02:59,95 - Automacao inteligente - Queries:INTELIGENTE Sync:PERFEITO 
03/03/2026  6:17:59,11 - Automacao inteligente - Queries:INTELIGENTE Sync:PERFEITO 
03/03/2026  6:51:30,38 - Automacao inteligente - Queries:INTELIGENTE Sync:PERFEITO 
03/03/2026  7:21:14,29 - Automacao inteligente - Queries:INTELIGENTE Sync:PERFEITO 
03/03/2026  7:45:09,07 - Automacao inteligente - Queries:INTELIGENTE Sync:PERFEITO 
03/03/2026  8:12:44,57 - Automacao inteligente - Queries:INTELIGENTE Sync:PERFEITO 
03/03/2026  8:48:45,23 - Automacao inteligente - Queries:INTELIGENTE Sync:PERFEITO 
03/03/2026  9:16:11,24 - Automacao inteligente - Queries:INTELIGENTE Sync:PERFEITO 
03/03/2026  9:49:17,74 - Automacao inteligente - Queries:INTELIGENTE Sync:PERFEITO 
03/03/2026 10:13:15,86 - Automacao inteligente - Queries:INTELIGENTE Sync:PERFEITO 
03/03/2026 10:38:07,18 - Automacao inteligente - Queries:INTELIGENTE Sync:PERFEITO 
03/03/2026 11:07:29,35 - Automacao inteligente - Queries:INTELIGENTE Sync: 
03/03/2026 12:18:24,55 - Automacao inteligente - Queries:INTELIGENTE Sync:PERFEITO 
03/03/2026 12:53:50,27 - Automacao inteligente - Queries:INTELIGENTE Sync:PERFEITO 
03/03/2026 13:18:00,24 - Automacao inteligente - Queries:INTELIGENTE Sync:PERFEITO 
04/03/2026 16:04:43,61 - Automacao inteligente - Queries:INTELIGENTE Sync:PERFEITO 
04/03/2026 16:35:13,80 - Automacao inteligente - Queries:INTELIGENTE Sync:PERFEITO 
04/03/2026 17:07:01,51 - Automacao inteligente - Queries:INTELIGENTE Sync:PERFEITO 
04/03/2026 17:33:41,01 - Automacao inteligente - Queries:INTELIGENTE Sync:PERFEITO 
04/03/2026 17:57:20,36 - Automacao inteligente - Queries:INTELIGENTE Sync:PERFEITO 
04/03/2026 18:27:21,74 - Automacao inteligente - Queries:INTELIGENTE Sync:PERFEITO 
04/03/2026 18:51:19,16 - Automacao inteligente - Queries:INTELIGENTE Sync:PERFEITO 
04/03/2026 19:14:59,62 - Automacao inteligente - Queries:INTELIGENTE Sync:PERFEITO 
04/03/2026 19:45:24,00 - Automacao inteligente - Queries:INTELIGENTE Sync:PERFEITO 
04/03/2026 21:27:09,39 - Automacao inteligente - Queries:INTELIGENTE Sync:PERFEITO 
04/03/2026 22:25:02,81 - Automacao inteligente - Queries:INTELIGENTE Sync:PERFEITO 
04/03/2026 22:43:01,32 - Automacao inteligente - Queries:INTELIGENTE Sync:PERFEITO 
05/03/2026  7:42:52,25 - Automacao inteligente - Queries:INTELIGENTE Sync:PERFEITO 
05/03/2026 17:03:57,47 - Automacao inteligente - Queries:INTELIGENTE Sync:PERFEITO 
05/03/2026 17:43:16,25 - Automacao inteligente - Queries:INTELIGENTE Sync:PERFEITO 
05/03/2026 18:28:10,90 - Automacao inteligente - Queries:INTELIGENTE Sync:PERFEITO 
05/03/2026 19:17:42,13 - Automacao inteligente - Queries:INTELIGENTE Sync:PERFEITO 
05/03/2026 19:56:16,60 - Automacao inteligente - Queries:INTELIGENTE Sync:PERFEITO 
06/03/2026  6:05:20,15 - Automacao inteligente - Queries:INTELIGENTE Sync:FALHOU 
06/03/2026  6:59:04,61 - Automacao inteligente - Queries:INTELIGENTE Sync:PERFEITO 
06/03/2026  7:38:36,88 - Automacao inteligente - Queries:INTELIGENTE Sync:PERFEITO 
06/03/2026  8:24:11,09 - Automacao inteligente - Queries:INTELIGENTE Sync:PERFEITO 
06/03/2026  9:11:33,28 - Automacao inteligente - Queries:INTELIGENTE Sync:PERFEITO 
06/03/2026  9:52:33,49 - Automacao inteligente - Queries:INTELIGENTE Sync:PERFEITO 
06/03/2026 10:41:49,45 - Automacao inteligente - Queries:INTELIGENTE Sync:PERFEITO 
06/03/2026 11:13:56,26 - Automacao inteligente - Queries:INTELIGENTE Sync:FALHOU 
06/03/2026 11:45:36,99 - Automacao inteligente - Queries:INTELIGENTE Sync:FALHOU 
06/03/2026 12:24:00,80 - Automacao inteligente - Queries:INTELIGENTE Sync:PERFEITO 
06/03/2026 13:10:28,59 - Automacao inteligente - Queries:INTELIGENTE Sync:PERFEITO 
06/03/2026 13:49:33,98 - Automacao inteligente - Queries:INTELIGENTE Sync:PERFEITO 
06/03/2026 14:37:13,22 - Automacao inteligente - Queries:INTELIGENTE Sync:PERFEITO 
06/03/2026 15:23:20,28 - Automacao inteligente - Queries:INTELIGENTE Sync:PERFEITO 
06/03/2026 15:55:44,89 - Automacao inteligente - Queries:INTELIGENTE Sync:FALHOU 
06/03/2026 16:29:49,19 - Automacao inteligente - Queries:INTELIGENTE Sync:FALHOU 
06/03/2026 17:19:37,58 - Automacao inteligente - Queries:INTELIGENTE Sync:PERFEITO 
06/03/2026 18:00:06,96 - Automacao inteligente - Queries:INTELIGENTE Sync:PERFEITO 
06/03/2026 18:44:10,99 - Automacao inteligente - Queries:INTELIGENTE Sync:PERFEITO 
06/03/2026 19:32:58,34 - Automacao inteligente - Queries:INTELIGENTE Sync:PERFEITO 
07/03/2026  6:05:27,73 - Automacao inteligente - Queries:INTELIGENTE Sync:FALHOU 
07/03/2026  6:37:42,88 - Automacao inteligente - Queries:INTELIGENTE Sync:FALHOU 
07/03/2026  7:30:56,80 - Automacao inteligente - Queries:INTELIGENTE Sync:PERFEITO 
07/03/2026  8:15:05,54 - Automacao inteligente - Queries:INTELIGENTE Sync:PERFEITO 
07/03/2026  8:57:47,70 - Automacao inteligente - Queries:INTELIGENTE Sync:PERFEITO 
07/03/2026  9:38:04,48 - Automacao inteligente - Queries:INTELIGENTE Sync:PERFEITO 
07/03/2026 10:22:59,92 - Automacao inteligente - Queries:INTELIGENTE Sync:PERFEITO 
07/03/2026 11:06:24,22 - Automacao inteligente - Queries:INTELIGENTE Sync:PERFEITO 
07/03/2026 11:53:41,34 - Automacao inteligente - Queries:INTELIGENTE Sync:PERFEITO 
07/03/2026 12:41:37,29 - Automacao inteligente - Queries:INTELIGENTE Sync:PERFEITO 
07/03/2026 13:16:11,37 - Automacao inteligente - Queries:INTELIGENTE Sync:FALHOU 
07/03/2026 13:50:24,13 - Automacao inteligente - Queries:INTELIGENTE Sync:PERFEITO 
07/03/2026 14:35:07,78 - Automacao inteligente - Queries:INTELIGENTE Sync:PERFEITO 
07/03/2026 15:23:47,87 - Automacao inteligente - Queries:INTELIGENTE Sync:PERFEITO 
07/03/2026 16:02:08,74 - Automacao inteligente - Queries:INTELIGENTE Sync:PERFEITO 
07/03/2026 16:50:49,98 - Automacao inteligente - Queries:INTELIGENTE Sync:PERFEITO 
07/03/2026 19:13:53,06 - Automacao inteligente - Queries:INTELIGENTE Sync:FALHOU 
07/03/2026 19:39:33,87 - Automacao inteligente - Queries:INTELIGENTE Sync:PERFEITO 
07/03/2026 20:43:35,51 - Automacao inteligente - Queries:INTELIGENTE Sync:PERFEITO 
07/03/2026 20:58:59,33 - Automacao inteligente - Queries:INTELIGENTE Sync:PERFEITO 
07/03/2026 22:03:40,53 - Automacao inteligente - Queries:INTELIGENTE Sync:PERFEITO 
07/03/2026 22:35:12,84 - Automacao inteligente - Queries:INTELIGENTE Sync:PERFEITO 
