2024-02-26 10:00:00 - DB_ENTRADA_NOTAS.xlsx
2024-02-26 10:00:00 - DB_DEVOLUCAO.xlsx
2024-02-26 09:00:00 - DB_TERMO.xlsx
2024-02-26 08:00:00 - BD_END.xlsx
2024-02-25 10:00:00 - DB_BARRAS.xlsx2026-02-26 22:02:28 - BD_AVULSO.xlsx
2026-02-26 22:04:44 - BD_END.xlsx
2026-02-26 22:10:56 - DB_DEVOLUCAO.xlsx
2026-02-26 22:11:56 - DB_ENTRADA_NOTAS.xlsx
2026-02-26 22:14:40 - DB_DEVOLUCAO.xlsx
2026-02-26 22:15:40 - DB_ENTRADA_NOTAS.xlsx
2026-02-26 22:19:45 - DB_DEVOLUCAO.xlsx
2026-02-26 22:20:44 - DB_ENTRADA_NOTAS.xlsx
2026-02-26 22:28:10 - DB_DEVOLUCAO.xlsx
2026-02-26 22:29:09 - DB_ENTRADA_NOTAS.xlsx
2026-02-26 22:30:26 - DB_ESTQ_ENTR.xlsx
2026-02-26 22:31:35 - DB_PEDIDO_DIRETO.xlsx
2026-02-26 22:32:33 - DB_PROD_BLITZ.xlsx
2026-02-26 22:33:33 - DB_TERMO.xlsx
2026-02-26 22:36:40 - DB_DEVOLUCAO.xlsx
2026-02-26 22:37:39 - DB_ENTRADA_NOTAS.xlsx
2026-02-26 22:40:50 - DB_DEVOLUCAO.xlsx
2026-02-26 22:41:49 - DB_ENTRADA_NOTAS.xlsx
2026-02-26 22:53:13 - DB_DEVOLUCAO.xlsx
2026-02-26 22:54:12 - DB_ENTRADA_NOTAS.xlsx
2026-02-27 16:14:48 - BD_END.xlsx
2026-02-27 16:15:59 - DB_DEVOLUCAO.xlsx
2026-02-27 16:17:09 - DB_ENTRADA_NOTAS.xlsx
2026-02-27 16:18:49 - DB_ESTQ_ENTR.xlsx
2026-02-27 16:19:58 - DB_PEDIDO_DIRETO.xlsx
2026-02-27 16:20:57 - DB_PROD_BLITZ.xlsx
2026-02-27 16:22:27 - DB_TERMO.xlsx
2026-02-27 18:03:17 - DB_DEVOLUCAO.xlsx
2026-02-27 18:04:16 - DB_ENTRADA_NOTAS.xlsx
2026-02-27 18:05:53 - DB_ESTQ_ENTR.xlsx
2026-02-27 18:07:03 - DB_PEDIDO_DIRETO.xlsx
2026-02-27 18:08:02 - DB_PROD_BLITZ.xlsx
2026-02-27 18:09:01 - DB_TERMO.xlsx
2026-02-27 18:45:40 - DB_DEVOLUCAO.xlsx
2026-02-27 18:46:50 - DB_ENTRADA_NOTAS.xlsx
2026-02-27 20:33:30 - DB_DEVOLUCAO.xlsx
2026-02-27 20:34:29 - DB_ENTRADA_NOTAS.xlsx
2026-02-27 20:35:46 - DB_ESTQ_ENTR.xlsx
2026-02-27 20:36:55 - DB_PEDIDO_DIRETO.xlsx
2026-02-27 20:37:54 - DB_PROD_BLITZ.xlsx
2026-02-27 20:38:53 - DB_TERMO.xlsx
2026-02-28 07:21:58 - BD_AVULSO.xlsx
2026-02-28 07:24:19 - BD_END.xlsx
2026-02-28 07:25:18 - BD_ROTAS.xlsx
2026-02-28 07:26:28 - DB_BARRAS.xlsx
2026-02-28 07:27:39 - DB_DEVOLUCAO.xlsx
2026-02-28 07:28:48 - DB_ENTRADA_NOTAS.xlsx
2026-02-28 07:30:27 - DB_ESTQ_ENTR.xlsx
2026-02-28 07:34:12 - DB_LOG_END.xlsx
2026-02-28 07:35:21 - DB_PEDIDO_DIRETO.xlsx
2026-02-28 07:37:00 - DB_PROD_BLITZ.xlsx
2026-02-28 07:38:01 - DB_PROD_VOL.xlsx
2026-02-28 07:39:20 - DB_TERMO.xlsx
2026-02-28 07:40:29 - DB_USUARIO.xlsx
2026-02-28 09:04:17 - DB_DEVOLUCAO.xlsx
2026-02-28 09:05:27 - DB_ENTRADA_NOTAS.xlsx
2026-02-28 09:06:49 - DB_ESTQ_ENTR.xlsx
2026-02-28 09:07:58 - DB_PEDIDO_DIRETO.xlsx
2026-02-28 09:09:47 - DB_PROD_BLITZ.xlsx
2026-02-28 09:10:46 - DB_TERMO.xlsx
2026-02-28 09:47:45 - DB_DEVOLUCAO.xlsx
2026-02-28 09:48:55 - DB_ENTRADA_NOTAS.xlsx
2026-02-28 10:07:07 - DB_DEVOLUCAO.xlsx
2026-02-28 10:08:17 - DB_ENTRADA_NOTAS.xlsx
2026-02-28 10:09:36 - DB_ESTQ_ENTR.xlsx
2026-02-28 10:10:45 - DB_PEDIDO_DIRETO.xlsx
2026-02-28 10:12:34 - DB_PROD_BLITZ.xlsx
2026-02-28 10:13:54 - DB_TERMO.xlsx
2026-02-28 11:05:16 - DB_DEVOLUCAO.xlsx
2026-02-28 11:06:26 - DB_ENTRADA_NOTAS.xlsx
2026-02-28 12:15:15 - DB_DEVOLUCAO.xlsx
2026-02-28 12:16:25 - DB_ENTRADA_NOTAS.xlsx
2026-02-28 12:17:44 - DB_ESTQ_ENTR.xlsx
2026-02-28 12:18:53 - DB_PEDIDO_DIRETO.xlsx
2026-02-28 12:20:42 - DB_PROD_BLITZ.xlsx
2026-02-28 12:21:41 - DB_TERMO.xlsx
2026-02-28 12:44:54 - DB_DEVOLUCAO.xlsx
2026-02-28 12:46:04 - DB_ENTRADA_NOTAS.xlsx
2026-02-28 13:39:53 - BD_END.xlsx
2026-02-28 13:41:04 - DB_DEVOLUCAO.xlsx
2026-02-28 13:42:14 - DB_ENTRADA_NOTAS.xlsx
2026-02-28 13:43:33 - DB_ESTQ_ENTR.xlsx
2026-02-28 13:44:42 - DB_PEDIDO_DIRETO.xlsx
2026-02-28 13:46:21 - DB_PROD_BLITZ.xlsx
2026-02-28 13:47:20 - DB_TERMO.xlsx
2026-02-28 14:23:56 - DB_DEVOLUCAO.xlsx
2026-02-28 14:25:06 - DB_ENTRADA_NOTAS.xlsx
2026-02-28 15:05:17 - DB_DEVOLUCAO.xlsx
2026-02-28 15:06:16 - DB_ENTRADA_NOTAS.xlsx
2026-02-28 15:07:35 - DB_ESTQ_ENTR.xlsx
2026-02-28 15:08:35 - DB_PEDIDO_DIRETO.xlsx
2026-02-28 15:10:24 - DB_PROD_BLITZ.xlsx
2026-02-28 15:11:23 - DB_TERMO.xlsx
2026-02-28 15:17:30 - DB_DEVOLUCAO.xlsx
2026-02-28 15:18:29 - DB_ENTRADA_NOTAS.xlsx
2026-02-28 15:23:02 - DB_DEVOLUCAO.xlsx
2026-02-28 15:24:02 - DB_ENTRADA_NOTAS.xlsx
2026-02-28 15:31:32 - DB_DEVOLUCAO.xlsx
2026-02-28 15:32:31 - DB_ENTRADA_NOTAS.xlsx
2026-02-28 16:58:09 - DB_DEVOLUCAO.xlsx
2026-02-28 16:59:09 - DB_ENTRADA_NOTAS.xlsx
2026-02-28 17:00:27 - DB_ESTQ_ENTR.xlsx
2026-02-28 17:01:26 - DB_PEDIDO_DIRETO.xlsx
2026-02-28 17:02:25 - DB_PROD_BLITZ.xlsx
2026-02-28 17:03:25 - DB_TERMO.xlsx
2026-02-28 18:14:38 - DB_DEVOLUCAO.xlsx
2026-02-28 18:15:38 - DB_ENTRADA_NOTAS.xlsx
2026-02-28 18:16:57 - DB_ESTQ_ENTR.xlsx
2026-02-28 18:17:57 - DB_PEDIDO_DIRETO.xlsx
2026-02-28 18:19:46 - DB_PROD_BLITZ.xlsx
2026-02-28 18:20:45 - DB_TERMO.xlsx
2026-03-02 06:14:44 - BD_AVULSO.xlsx
2026-03-02 06:16:53 - BD_END.xlsx
2026-03-02 06:17:52 - BD_ROTAS.xlsx
2026-03-02 06:19:04 - DB_BARRAS.xlsx
2026-03-02 06:20:15 - DB_DEVOLUCAO.xlsx
2026-03-02 06:21:25 - DB_ENTRADA_NOTAS.xlsx
2026-03-02 06:22:45 - DB_ESTQ_ENTR.xlsx
2026-03-02 06:25:44 - DB_LOG_END.xlsx
2026-03-02 06:26:52 - DB_PEDIDO_DIRETO.xlsx
2026-03-02 06:28:42 - DB_PROD_BLITZ.xlsx
2026-03-02 06:30:21 - DB_PROD_VOL.xlsx
2026-03-02 06:31:40 - DB_TERMO.xlsx
2026-03-02 06:32:40 - DB_USUARIO.xlsx
2026-03-02 06:47:54 - DB_DEVOLUCAO.xlsx
2026-03-02 06:49:04 - DB_ENTRADA_NOTAS.xlsx
2026-03-02 07:59:31 - DB_DEVOLUCAO.xlsx
2026-03-02 08:00:41 - DB_ENTRADA_NOTAS.xlsx
2026-03-02 08:02:03 - DB_ESTQ_ENTR.xlsx
2026-03-02 08:03:12 - DB_PEDIDO_DIRETO.xlsx
2026-03-02 08:04:11 - DB_PROD_BLITZ.xlsx
2026-03-02 08:05:11 - DB_TERMO.xlsx
2026-03-02 09:04:37 - DB_DEVOLUCAO.xlsx
2026-03-02 09:05:47 - DB_ENTRADA_NOTAS.xlsx
2026-03-02 09:07:04 - DB_ESTQ_ENTR.xlsx
2026-03-02 09:08:03 - DB_PROD_BLITZ.xlsx
2026-03-02 09:09:03 - DB_TERMO.xlsx
2026-03-02 09:27:20 - DB_DEVOLUCAO.xlsx
2026-03-02 09:28:29 - DB_ENTRADA_NOTAS.xlsx
2026-03-02 09:29:39 - DB_PEDIDO_DIRETO.xlsx
2026-03-02 10:42:54 - DB_DEVOLUCAO.xlsx
2026-03-02 10:44:04 - DB_ENTRADA_NOTAS.xlsx
2026-03-02 10:45:54 - DB_ESTQ_ENTR.xlsx
2026-03-02 10:47:04 - DB_PEDIDO_DIRETO.xlsx
2026-03-02 10:48:53 - DB_PROD_BLITZ.xlsx
2026-03-02 10:49:53 - DB_TERMO.xlsx
2026-03-02 13:08:40 - BD_END.xlsx
2026-03-02 13:10:01 - DB_DEVOLUCAO.xlsx
2026-03-02 13:11:11 - DB_ENTRADA_NOTAS.xlsx
2026-03-02 13:12:54 - DB_ESTQ_ENTR.xlsx
2026-03-02 13:14:04 - DB_PEDIDO_DIRETO.xlsx
2026-03-02 13:15:53 - DB_PROD_BLITZ.xlsx
2026-03-02 13:16:53 - DB_TERMO.xlsx
2026-03-02 14:35:19 - DB_DEVOLUCAO.xlsx
2026-03-02 14:36:29 - DB_ENTRADA_NOTAS.xlsx
2026-03-02 14:38:10 - DB_ESTQ_ENTR.xlsx
2026-03-02 14:39:19 - DB_PEDIDO_DIRETO.xlsx
2026-03-02 14:41:09 - DB_PROD_BLITZ.xlsx
2026-03-02 14:42:09 - DB_TERMO.xlsx
2026-03-02 14:55:04 - DB_DEVOLUCAO.xlsx
2026-03-02 14:56:14 - DB_ENTRADA_NOTAS.xlsx
2026-03-02 15:30:16 - DB_DEVOLUCAO.xlsx
2026-03-02 15:37:13 - DB_DEVOLUCAO.xlsx
2026-03-02 15:38:23 - DB_ENTRADA_NOTAS.xlsx
2026-03-02 15:39:56 - DB_ESTQ_ENTR.xlsx
2026-03-02 15:41:05 - DB_PEDIDO_DIRETO.xlsx
2026-03-02 15:42:54 - DB_PROD_BLITZ.xlsx
2026-03-02 15:43:53 - DB_TERMO.xlsx
2026-03-02 16:05:50 - DB_DEVOLUCAO.xlsx
2026-03-02 16:08:26 - DB_DEVOLUCAO.xlsx
2026-03-02 16:09:35 - DB_ENTRADA_NOTAS.xlsx
2026-03-02 16:18:55 - DB_DEVOLUCAO.xlsx
2026-03-02 16:19:54 - DB_ENTRADA_NOTAS.xlsx
2026-03-02 16:30:05 - DB_DEVOLUCAO.xlsx
2026-03-02 16:31:04 - DB_ENTRADA_NOTAS.xlsx
2026-03-02 16:34:47 - DB_DEVOLUCAO.xlsx
2026-03-02 16:35:47 - DB_ENTRADA_NOTAS.xlsx
2026-03-02 16:38:02 - DB_DEVOLUCAO.xlsx
2026-03-02 16:39:02 - DB_ENTRADA_NOTAS.xlsx
2026-03-02 16:40:12 - DB_ESTQ_ENTR.xlsx
2026-03-02 16:49:03 - DB_DEVOLUCAO.xlsx
2026-03-02 16:50:12 - DB_ENTRADA_NOTAS.xlsx
2026-03-02 16:51:22 - DB_PEDIDO_DIRETO.xlsx
2026-03-02 16:52:20 - DB_PROD_BLITZ.xlsx
2026-03-02 16:53:20 - DB_TERMO.xlsx
2026-03-02 16:58:22 - DB_DEVOLUCAO.xlsx
2026-03-02 16:59:21 - DB_ENTRADA_NOTAS.xlsx
2026-03-02 17:22:15 - DB_DEVOLUCAO.xlsx
2026-03-02 17:23:14 - DB_ENTRADA_NOTAS.xlsx
2026-03-02 17:46:04 - DB_DEVOLUCAO.xlsx
2026-03-02 17:47:03 - DB_ENTRADA_NOTAS.xlsx
2026-03-02 17:48:13 - DB_ESTQ_ENTR.xlsx
2026-03-02 18:12:41 - DB_DEVOLUCAO.xlsx
2026-03-02 18:13:50 - DB_ENTRADA_NOTAS.xlsx
2026-03-02 18:14:59 - DB_PEDIDO_DIRETO.xlsx
2026-03-02 18:15:58 - DB_PROD_BLITZ.xlsx
2026-03-02 18:16:58 - DB_TERMO.xlsx
2026-03-02 18:39:59 - DB_DEVOLUCAO.xlsx
2026-03-02 18:40:59 - DB_ENTRADA_NOTAS.xlsx
2026-03-02 19:03:51 - DB_DEVOLUCAO.xlsx
2026-03-02 19:04:51 - DB_ENTRADA_NOTAS.xlsx
2026-03-02 19:06:01 - DB_ESTQ_ENTR.xlsx
2026-03-02 19:30:57 - BD_END.xlsx
2026-03-02 19:32:17 - DB_DEVOLUCAO.xlsx
2026-03-02 19:33:16 - DB_ENTRADA_NOTAS.xlsx
2026-03-02 19:34:26 - DB_PEDIDO_DIRETO.xlsx
2026-03-02 19:35:24 - DB_PROD_BLITZ.xlsx
2026-03-02 19:36:24 - DB_TERMO.xlsx
2026-03-02 20:00:53 - DB_DEVOLUCAO.xlsx
2026-03-02 20:01:53 - DB_ENTRADA_NOTAS.xlsx
2026-03-03 06:05:33 - BD_END.xlsx
2026-03-03 06:07:03 - DB_DEVOLUCAO.xlsx
2026-03-03 06:08:12 - DB_ENTRADA_NOTAS.xlsx
2026-03-03 06:09:26 - DB_ESTQ_ENTR.xlsx
2026-03-03 06:10:35 - DB_PEDIDO_DIRETO.xlsx
2026-03-03 06:12:14 - DB_PROD_BLITZ.xlsx
2026-03-03 06:13:33 - DB_TERMO.xlsx
2026-03-03 06:39:27 - BD_AVULSO.xlsx
2026-03-03 06:40:26 - BD_ROTAS.xlsx
2026-03-03 06:41:36 - DB_BARRAS.xlsx
2026-03-03 06:42:36 - DB_DEVOLUCAO.xlsx
2026-03-03 06:43:45 - DB_ENTRADA_NOTAS.xlsx
2026-03-03 06:46:45 - DB_LOG_END.xlsx
2026-03-03 06:48:34 - DB_PROD_VOL.xlsx
2026-03-03 06:49:43 - DB_USUARIO.xlsx
2026-03-03 07:12:51 - DB_DEVOLUCAO.xlsx
2026-03-03 07:14:00 - DB_ENTRADA_NOTAS.xlsx
2026-03-03 07:15:10 - DB_ESTQ_ENTR.xlsx
2026-03-03 07:16:09 - DB_PEDIDO_DIRETO.xlsx
2026-03-03 07:17:08 - DB_PROD_BLITZ.xlsx
2026-03-03 07:18:08 - DB_TERMO.xlsx
2026-03-03 07:42:34 - DB_DEVOLUCAO.xlsx
2026-03-03 07:43:43 - DB_ENTRADA_NOTAS.xlsx
2026-03-03 08:06:49 - DB_DEVOLUCAO.xlsx
2026-03-03 08:07:58 - DB_ENTRADA_NOTAS.xlsx
2026-03-03 08:34:35 - DB_DEVOLUCAO.xlsx
2026-03-03 08:35:45 - DB_ENTRADA_NOTAS.xlsx
2026-03-03 08:37:15 - DB_ESTQ_ENTR.xlsx
2026-03-03 08:38:24 - DB_PEDIDO_DIRETO.xlsx
2026-03-03 08:40:13 - DB_PROD_BLITZ.xlsx
2026-03-03 08:41:13 - DB_TERMO.xlsx
2026-03-03 09:10:25 - DB_DEVOLUCAO.xlsx
2026-03-03 09:11:35 - DB_ENTRADA_NOTAS.xlsx
2026-03-03 09:37:51 - DB_DEVOLUCAO.xlsx
2026-03-03 09:39:01 - DB_ENTRADA_NOTAS.xlsx
2026-03-03 09:40:32 - DB_ESTQ_ENTR.xlsx
2026-03-03 09:41:41 - DB_PEDIDO_DIRETO.xlsx
2026-03-03 09:43:30 - DB_PROD_BLITZ.xlsx
2026-03-03 09:44:29 - DB_TERMO.xlsx
2026-03-03 10:10:58 - DB_DEVOLUCAO.xlsx
2026-03-03 10:12:07 - DB_ENTRADA_NOTAS.xlsx
2026-03-03 10:34:56 - DB_DEVOLUCAO.xlsx
2026-03-03 10:36:06 - DB_ENTRADA_NOTAS.xlsx
2026-03-03 10:59:47 - DB_DEVOLUCAO.xlsx
2026-03-03 11:00:57 - DB_ENTRADA_NOTAS.xlsx
2026-03-03 11:02:28 - DB_ESTQ_ENTR.xlsx
2026-03-03 11:03:37 - DB_PEDIDO_DIRETO.xlsx
2026-03-03 11:05:26 - DB_PROD_BLITZ.xlsx
2026-03-03 11:06:25 - DB_TERMO.xlsx
2026-03-03 11:29:20 - DB_DEVOLUCAO.xlsx
2026-03-03 11:30:30 - DB_ENTRADA_NOTAS.xlsx
2026-03-03 12:40:02 - BD_END.xlsx
2026-03-03 12:41:22 - DB_DEVOLUCAO.xlsx
2026-03-03 12:42:31 - DB_ENTRADA_NOTAS.xlsx
2026-03-03 12:43:41 - DB_ESTQ_ENTR.xlsx
2026-03-03 12:44:51 - DB_PEDIDO_DIRETO.xlsx
2026-03-03 12:46:39 - DB_PROD_BLITZ.xlsx
2026-03-03 12:47:39 - DB_TERMO.xlsx
2026-03-03 13:15:40 - DB_DEVOLUCAO.xlsx
2026-03-03 13:16:50 - DB_ENTRADA_NOTAS.xlsx
2026-03-03 13:39:44 - DB_DEVOLUCAO.xlsx
2026-03-03 13:40:54 - DB_ENTRADA_NOTAS.xlsx
2026-03-04 15:33:01 - BD_AVULSO.xlsx
2026-03-04 15:35:43 - BD_END.xlsx
2026-03-04 15:36:44 - BD_ROTAS.xlsx
2026-03-04 15:38:05 - DB_BARRAS.xlsx
2026-03-04 15:39:17 - DB_DEVOLUCAO.xlsx
2026-03-04 15:40:29 - DB_ENTRADA_NOTAS.xlsx
2026-03-04 15:42:36 - DB_ESTQ_ENTR.xlsx
2026-03-04 15:46:14 - DB_LOG_END.xlsx
2026-03-04 15:47:25 - DB_PEDIDO_DIRETO.xlsx
2026-03-04 15:48:31 - DB_PROD_BLITZ.xlsx
2026-03-04 15:49:35 - DB_PROD_VOL.xlsx
2026-03-04 15:51:13 - DB_TERMO.xlsx
2026-03-04 15:52:24 - DB_USUARIO.xlsx
2026-03-04 16:26:52 - DB_DEVOLUCAO.xlsx
2026-03-04 16:28:09 - DB_ENTRADA_NOTAS.xlsx
2026-03-04 16:56:41 - DB_DEVOLUCAO.xlsx
2026-03-04 16:57:43 - DB_ENTRADA_NOTAS.xlsx
2026-03-04 16:59:14 - DB_ESTQ_ENTR.xlsx
2026-03-04 17:00:16 - DB_PEDIDO_DIRETO.xlsx
2026-03-04 17:01:17 - DB_PROD_BLITZ.xlsx
2026-03-04 17:02:19 - DB_TERMO.xlsx
2026-03-04 17:28:31 - DB_DEVOLUCAO.xlsx
2026-03-04 17:29:34 - DB_ENTRADA_NOTAS.xlsx
2026-03-04 17:55:08 - DB_DEVOLUCAO.xlsx
2026-03-04 17:56:09 - DB_ENTRADA_NOTAS.xlsx
2026-03-04 18:18:48 - DB_DEVOLUCAO.xlsx
2026-03-04 18:19:54 - DB_ENTRADA_NOTAS.xlsx
2026-03-04 18:21:24 - DB_ESTQ_ENTR.xlsx
2026-03-04 18:22:25 - DB_PEDIDO_DIRETO.xlsx
2026-03-04 18:23:27 - DB_PROD_BLITZ.xlsx
2026-03-04 18:24:34 - DB_TERMO.xlsx
2026-03-04 18:48:49 - DB_DEVOLUCAO.xlsx
2026-03-04 18:49:56 - DB_ENTRADA_NOTAS.xlsx
2026-03-04 19:12:46 - DB_DEVOLUCAO.xlsx
2026-03-04 19:13:47 - DB_ENTRADA_NOTAS.xlsx
2026-03-04 19:36:26 - DB_DEVOLUCAO.xlsx
2026-03-04 19:37:29 - DB_ENTRADA_NOTAS.xlsx
2026-03-04 19:38:59 - DB_ESTQ_ENTR.xlsx
2026-03-04 19:40:01 - DB_PEDIDO_DIRETO.xlsx
2026-03-04 19:41:04 - DB_PROD_BLITZ.xlsx
2026-03-04 19:42:05 - DB_TERMO.xlsx
2026-03-04 21:17:22 - DB_DEVOLUCAO.xlsx
2026-03-04 21:18:34 - DB_ENTRADA_NOTAS.xlsx
2026-03-04 21:20:10 - DB_ESTQ_ENTR.xlsx
2026-03-04 21:21:21 - DB_PEDIDO_DIRETO.xlsx
2026-03-04 21:23:04 - DB_PROD_BLITZ.xlsx
2026-03-04 21:24:10 - DB_TERMO.xlsx
2026-03-04 22:07:11 - BD_AVULSO.xlsx
2026-03-04 22:09:56 - BD_END.xlsx
2026-03-04 22:11:04 - BD_ROTAS.xlsx
2026-03-04 22:12:18 - DB_BARRAS.xlsx
2026-03-04 22:13:22 - DB_DEVOLUCAO.xlsx
2026-03-04 22:14:27 - DB_ENTRADA_NOTAS.xlsx
2026-03-04 22:18:09 - DB_LOG_END.xlsx
2026-03-04 22:19:52 - DB_PROD_VOL.xlsx
2026-03-04 22:21:02 - DB_USUARIO.xlsx
2026-03-04 22:27:08 - BD_AVULSO.xlsx
2026-03-04 22:28:09 - BD_ROTAS.xlsx
2026-03-04 22:29:14 - DB_BARRAS.xlsx
2026-03-04 22:30:44 - DB_ESTQ_ENTR.xlsx
2026-03-04 22:34:38 - DB_LOG_END.xlsx
2026-03-04 22:35:40 - DB_PEDIDO_DIRETO.xlsx
2026-03-04 22:36:42 - DB_PROD_BLITZ.xlsx
2026-03-04 22:37:44 - DB_PROD_VOL.xlsx
2026-03-04 22:38:48 - DB_TERMO.xlsx
2026-03-04 22:39:50 - DB_USUARIO.xlsx
2026-03-05 07:11:27 - BD_AVULSO.xlsx
2026-03-05 07:14:10 - BD_END.xlsx
2026-03-05 07:15:34 - BD_ROTAS.xlsx
2026-03-05 07:16:56 - DB_BARRAS.xlsx
2026-03-05 07:18:12 - DB_DEVOLUCAO.xlsx
2026-03-05 07:19:24 - DB_ENTRADA_NOTAS.xlsx
2026-03-05 07:20:56 - DB_ESTQ_ENTR.xlsx
2026-03-05 07:24:06 - DB_LOG_END.xlsx
2026-03-05 07:25:21 - DB_PEDIDO_DIRETO.xlsx
2026-03-05 07:27:12 - DB_PROD_BLITZ.xlsx
2026-03-05 07:28:53 - DB_PROD_VOL.xlsx
2026-03-05 16:59:49 - BD_AVULSO.xlsx
2026-03-05 17:35:17 - BD_AVULSO.xlsx
2026-03-05 17:36:16 - BD_ROTAS.xlsx
2026-03-05 17:37:27 - DB_BARRAS.xlsx
2026-03-05 18:14:36 - BD_AVULSO.xlsx
2026-03-05 18:15:35 - BD_ROTAS.xlsx
2026-03-05 18:16:35 - DB_BARRAS.xlsx
2026-03-05 18:17:35 - DB_ENTRADA_NOTAS.xlsx
2026-03-05 18:21:28 - DB_LOG_END.xlsx
2026-03-05 18:22:27 - DB_PROD_VOL.xlsx
2026-03-05 18:23:37 - DB_USUARIO.xlsx
2026-03-05 18:59:30 - BD_AVULSO.xlsx
2026-03-05 19:00:29 - BD_ROTAS.xlsx
2026-03-05 19:01:29 - DB_BARRAS.xlsx
2026-03-05 19:02:38 - DB_DEVOLUCAO.xlsx
2026-03-05 19:03:38 - DB_ENTRADA_NOTAS.xlsx
2026-03-05 19:04:49 - DB_ESTQ_ENTR.xlsx
2026-03-05 19:07:51 - DB_LOG_END.xlsx
2026-03-05 19:09:00 - DB_PEDIDO_DIRETO.xlsx
2026-03-05 19:09:59 - DB_PROD_BLITZ.xlsx
2026-03-05 19:10:57 - DB_PROD_VOL.xlsx
2026-03-05 19:11:57 - DB_TERMO.xlsx
2026-03-05 19:12:56 - DB_USUARIO.xlsx
2026-03-05 19:49:01 - BD_AVULSO.xlsx
2026-03-05 19:50:00 - BD_ROTAS.xlsx
2026-03-05 19:51:10 - DB_BARRAS.xlsx
2026-03-06 06:02:46 - BD_AVULSO.xlsx
2026-03-06 06:36:39 - BD_AVULSO.xlsx
2026-03-06 06:38:37 - BD_END.xlsx
2026-03-06 06:39:36 - BD_ROTAS.xlsx
2026-03-06 06:40:56 - DB_BARRAS.xlsx
2026-03-06 06:42:05 - DB_DEVOLUCAO.xlsx
2026-03-06 06:43:15 - DB_ENTRADA_NOTAS.xlsx
2026-03-06 06:44:27 - DB_ESTQ_ENTR.xlsx
2026-03-06 06:47:26 - DB_LOG_END.xlsx
2026-03-06 06:48:35 - DB_PEDIDO_DIRETO.xlsx
2026-03-06 06:50:04 - DB_PROD_BLITZ.xlsx
2026-03-06 06:51:53 - DB_PROD_VOL.xlsx
2026-03-06 06:53:13 - DB_TERMO.xlsx
2026-03-06 07:30:24 - BD_AVULSO.xlsx
2026-03-06 07:31:23 - BD_ROTAS.xlsx
2026-03-06 07:32:23 - DB_BARRAS.xlsx
2026-03-06 07:33:33 - DB_ENTRADA_NOTAS.xlsx
2026-03-06 08:09:56 - BD_AVULSO.xlsx
2026-03-06 08:10:55 - BD_ROTAS.xlsx
2026-03-06 08:11:55 - DB_BARRAS.xlsx
2026-03-06 08:13:05 - DB_DEVOLUCAO.xlsx
2026-03-06 08:14:14 - DB_ENTRADA_NOTAS.xlsx
2026-03-06 08:15:24 - DB_ESTQ_ENTR.xlsx
2026-03-06 08:18:32 - DB_LOG_END.xlsx
2026-03-06 08:55:32 - BD_AVULSO.xlsx
2026-03-06 08:56:31 - BD_ROTAS.xlsx
2026-03-06 08:57:31 - DB_BARRAS.xlsx
2026-03-06 08:58:41 - DB_ENTRADA_NOTAS.xlsx
2026-03-06 09:02:04 - DB_LOG_END.xlsx
2026-03-06 09:03:13 - DB_PEDIDO_DIRETO.xlsx
2026-03-06 09:04:12 - DB_PROD_BLITZ.xlsx
2026-03-06 09:05:11 - DB_PROD_VOL.xlsx
2026-03-06 09:06:10 - DB_TERMO.xlsx
2026-03-06 09:07:19 - DB_USUARIO.xlsx
2026-03-06 09:42:52 - BD_AVULSO.xlsx
2026-03-06 09:43:51 - BD_ROTAS.xlsx
2026-03-06 09:44:51 - DB_BARRAS.xlsx
2026-03-06 09:46:00 - DB_DEVOLUCAO.xlsx
2026-03-06 09:47:10 - DB_ENTRADA_NOTAS.xlsx
2026-03-06 10:23:53 - BD_AVULSO.xlsx
2026-03-06 10:24:53 - BD_ROTAS.xlsx
2026-03-06 10:25:53 - DB_BARRAS.xlsx
2026-03-06 10:27:02 - DB_ENTRADA_NOTAS.xlsx
2026-03-06 10:28:33 - DB_ESTQ_ENTR.xlsx
2026-03-06 10:31:48 - DB_LOG_END.xlsx
2026-03-06 10:32:57 - DB_PEDIDO_DIRETO.xlsx
2026-03-06 10:34:36 - DB_PROD_BLITZ.xlsx
2026-03-06 10:35:35 - DB_PROD_VOL.xlsx
2026-03-06 10:36:34 - DB_TERMO.xlsx
2026-03-06 10:37:33 - DB_USUARIO.xlsx
2026-03-06 12:16:56 - BD_AVULSO.xlsx
2026-03-06 12:17:55 - BD_ROTAS.xlsx
2026-03-06 12:55:20 - BD_AVULSO.xlsx
2026-03-06 12:57:26 - BD_END.xlsx
2026-03-06 12:58:25 - BD_ROTAS.xlsx
2026-03-06 12:59:25 - DB_BARRAS.xlsx
2026-03-06 13:00:34 - DB_DEVOLUCAO.xlsx
2026-03-06 13:01:44 - DB_ENTRADA_NOTAS.xlsx
2026-03-06 13:02:55 - DB_ESTQ_ENTR.xlsx
2026-03-06 13:41:48 - BD_AVULSO.xlsx
2026-03-06 13:42:47 - BD_ROTAS.xlsx
2026-03-06 13:43:47 - DB_BARRAS.xlsx
2026-03-06 14:20:53 - BD_AVULSO.xlsx
2026-03-06 14:21:52 - BD_ROTAS.xlsx
2026-03-06 14:22:52 - DB_BARRAS.xlsx
2026-03-06 14:24:01 - DB_DEVOLUCAO.xlsx
2026-03-06 14:25:11 - DB_ENTRADA_NOTAS.xlsx
2026-03-06 14:26:21 - DB_ESTQ_ENTR.xlsx
2026-03-06 14:29:36 - DB_LOG_END.xlsx
2026-03-06 14:30:45 - DB_PEDIDO_DIRETO.xlsx
2026-03-06 15:08:31 - BD_AVULSO.xlsx
2026-03-06 15:09:30 - BD_ROTAS.xlsx
2026-03-06 15:10:31 - DB_BARRAS.xlsx
2026-03-06 15:11:40 - DB_ENTRADA_NOTAS.xlsx
2026-03-06 15:14:49 - DB_LOG_END.xlsx
2026-03-06 15:16:28 - DB_PROD_BLITZ.xlsx
2026-03-06 15:17:27 - DB_PROD_VOL.xlsx
2026-03-06 15:18:26 - DB_TERMO.xlsx
2026-03-06 15:19:25 - DB_USUARIO.xlsx
2026-03-06 16:27:04 - BD_AVULSO.xlsx
2026-03-06 16:28:03 - BD_ROTAS.xlsx
2026-03-06 17:01:09 - BD_AVULSO.xlsx
2026-03-06 17:02:08 - BD_ROTAS.xlsx
2026-03-06 17:03:08 - DB_BARRAS.xlsx
2026-03-06 17:04:17 - DB_DEVOLUCAO.xlsx
2026-03-06 17:05:27 - DB_ENTRADA_NOTAS.xlsx
2026-03-06 17:06:38 - DB_ESTQ_ENTR.xlsx
2026-03-06 17:10:17 - DB_LOG_END.xlsx
2026-03-06 17:11:26 - DB_PEDIDO_DIRETO.xlsx
2026-03-06 17:12:25 - DB_PROD_BLITZ.xlsx
2026-03-06 17:13:24 - DB_PROD_VOL.xlsx
2026-03-06 17:14:23 - DB_TERMO.xlsx
2026-03-06 17:15:22 - DB_USUARIO.xlsx
2026-03-06 17:50:57 - BD_AVULSO.xlsx
2026-03-06 17:51:56 - BD_ROTAS.xlsx
2026-03-06 17:52:56 - DB_BARRAS.xlsx
2026-03-06 17:54:06 - DB_ENTRADA_NOTAS.xlsx
2026-03-06 18:31:26 - BD_AVULSO.xlsx
2026-03-06 18:32:25 - BD_ROTAS.xlsx
2026-03-06 18:33:25 - DB_BARRAS.xlsx
2026-03-06 18:34:34 - DB_DEVOLUCAO.xlsx
2026-03-06 18:35:43 - DB_ENTRADA_NOTAS.xlsx
2026-03-06 18:37:16 - DB_ESTQ_ENTR.xlsx
2026-03-06 19:15:30 - BD_AVULSO.xlsx
2026-03-06 19:17:36 - BD_END.xlsx
2026-03-06 19:18:35 - BD_ROTAS.xlsx
2026-03-06 19:19:35 - DB_BARRAS.xlsx
2026-03-06 19:20:45 - DB_ENTRADA_NOTAS.xlsx
2026-03-06 19:23:50 - DB_LOG_END.xlsx
2026-03-06 19:24:59 - DB_PEDIDO_DIRETO.xlsx
2026-03-06 19:25:58 - DB_PROD_BLITZ.xlsx
2026-03-06 19:26:57 - DB_PROD_VOL.xlsx
2026-03-06 19:27:56 - DB_TERMO.xlsx
2026-03-06 19:28:55 - DB_USUARIO.xlsx
2026-03-07 07:09:12 - BD_AVULSO.xlsx
2026-03-07 07:11:19 - BD_END.xlsx
2026-03-07 07:12:17 - BD_ROTAS.xlsx
2026-03-07 07:13:28 - DB_BARRAS.xlsx
2026-03-07 07:14:37 - DB_DEVOLUCAO.xlsx
2026-03-07 07:15:46 - DB_ENTRADA_NOTAS.xlsx
2026-03-07 07:16:57 - DB_ESTQ_ENTR.xlsx
2026-03-07 07:20:33 - DB_LOG_END.xlsx
2026-03-07 07:21:42 - DB_PEDIDO_DIRETO.xlsx
2026-03-07 07:22:41 - DB_PROD_BLITZ.xlsx
2026-03-07 07:24:30 - DB_PROD_VOL.xlsx
2026-03-07 07:25:49 - DB_TERMO.xlsx
2026-03-07 07:26:58 - DB_USUARIO.xlsx
2026-03-07 08:02:17 - BD_AVULSO.xlsx
2026-03-07 08:03:16 - BD_ROTAS.xlsx
2026-03-07 08:04:16 - DB_BARRAS.xlsx
2026-03-07 08:05:26 - DB_ENTRADA_NOTAS.xlsx
2026-03-07 08:08:38 - DB_LOG_END.xlsx
2026-03-07 08:09:37 - DB_PROD_VOL.xlsx
2026-03-07 08:46:25 - BD_AVULSO.xlsx
2026-03-07 08:47:24 - BD_ROTAS.xlsx
2026-03-07 08:48:24 - DB_BARRAS.xlsx
2026-03-07 08:49:33 - DB_DEVOLUCAO.xlsx
2026-03-07 08:50:43 - DB_ENTRADA_NOTAS.xlsx
2026-03-07 08:51:56 - DB_ESTQ_ENTR.xlsx
2026-03-07 09:29:07 - BD_AVULSO.xlsx
2026-03-07 09:30:06 - BD_ROTAS.xlsx
2026-03-07 09:31:06 - DB_BARRAS.xlsx
2026-03-07 09:32:16 - DB_ENTRADA_NOTAS.xlsx
2026-03-07 10:09:24 - BD_AVULSO.xlsx
2026-03-07 10:10:23 - BD_ROTAS.xlsx
2026-03-07 10:11:23 - DB_BARRAS.xlsx
2026-03-07 10:12:32 - DB_DEVOLUCAO.xlsx
2026-03-07 10:13:42 - DB_ENTRADA_NOTAS.xlsx
2026-03-07 10:14:54 - DB_ESTQ_ENTR.xlsx
2026-03-07 10:18:07 - DB_LOG_END.xlsx
2026-03-07 10:54:19 - BD_AVULSO.xlsx
2026-03-07 10:55:18 - BD_ROTAS.xlsx
2026-03-07 10:56:19 - DB_BARRAS.xlsx
2026-03-07 10:57:28 - DB_ENTRADA_NOTAS.xlsx
2026-03-07 11:00:32 - DB_LOG_END.xlsx
2026-03-07 11:01:41 - DB_PEDIDO_DIRETO.xlsx
2026-03-07 11:37:43 - BD_AVULSO.xlsx
2026-03-07 11:38:42 - BD_ROTAS.xlsx
2026-03-07 11:39:42 - DB_BARRAS.xlsx
2026-03-07 11:40:51 - DB_DEVOLUCAO.xlsx
2026-03-07 11:42:00 - DB_ENTRADA_NOTAS.xlsx
2026-03-07 11:43:13 - DB_ESTQ_ENTR.xlsx
2026-03-07 11:48:28 - DB_LOG_END.xlsx
2026-03-07 12:25:01 - BD_AVULSO.xlsx
2026-03-07 12:26:00 - BD_ROTAS.xlsx
2026-03-07 12:27:01 - DB_BARRAS.xlsx
2026-03-07 12:28:00 - DB_ENTRADA_NOTAS.xlsx
2026-03-07 12:31:11 - DB_LOG_END.xlsx
2026-03-07 12:32:19 - DB_PEDIDO_DIRETO.xlsx
2026-03-07 12:34:08 - DB_PROD_BLITZ.xlsx
2026-03-07 12:35:07 - DB_PROD_VOL.xlsx
2026-03-07 12:36:06 - DB_TERMO.xlsx
2026-03-07 12:37:05 - DB_USUARIO.xlsx
2026-03-07 13:12:57 - BD_AVULSO.xlsx
2026-03-07 13:14:15 - BD_END.xlsx
2026-03-07 14:21:43 - BD_AVULSO.xlsx
2026-03-07 14:22:42 - BD_ROTAS.xlsx
2026-03-07 14:23:42 - DB_BARRAS.xlsx
2026-03-07 14:24:52 - DB_DEVOLUCAO.xlsx
2026-03-07 14:25:51 - DB_ENTRADA_NOTAS.xlsx
2026-03-07 14:27:02 - DB_ESTQ_ENTR.xlsx
2026-03-07 14:30:08 - DB_LOG_END.xlsx
2026-03-07 15:06:27 - BD_AVULSO.xlsx
2026-03-07 15:07:26 - BD_ROTAS.xlsx
2026-03-07 15:08:27 - DB_BARRAS.xlsx
2026-03-07 15:09:36 - DB_ENTRADA_NOTAS.xlsx
2026-03-07 15:12:59 - DB_LOG_END.xlsx
2026-03-07 15:14:08 - DB_PEDIDO_DIRETO.xlsx
2026-03-07 15:15:57 - DB_PROD_BLITZ.xlsx
2026-03-07 15:16:56 - DB_PROD_VOL.xlsx
2026-03-07 15:17:55 - DB_TERMO.xlsx
2026-03-07 15:18:54 - DB_USUARIO.xlsx
2026-03-07 15:55:07 - BD_AVULSO.xlsx
2026-03-07 15:56:06 - BD_ROTAS.xlsx
2026-03-07 15:57:06 - DB_BARRAS.xlsx
2026-03-07 16:33:28 - BD_AVULSO.xlsx
2026-03-07 16:34:27 - BD_ROTAS.xlsx
2026-03-07 16:35:27 - DB_BARRAS.xlsx
2026-03-07 16:36:36 - DB_DEVOLUCAO.xlsx
2026-03-07 16:37:36 - DB_ENTRADA_NOTAS.xlsx
2026-03-07 16:38:46 - DB_ESTQ_ENTR.xlsx
2026-03-07 16:41:55 - DB_LOG_END.xlsx
2026-03-07 16:42:54 - DB_PEDIDO_DIRETO.xlsx
2026-03-07 16:43:53 - DB_PROD_BLITZ.xlsx
2026-03-07 16:44:51 - DB_PROD_VOL.xlsx
2026-03-07 16:45:51 - DB_TERMO.xlsx
2026-03-07 16:46:50 - DB_USUARIO.xlsx
2026-03-07 18:54:28 - BD_AVULSO.xlsx
2026-03-07 18:57:04 - BD_END.xlsx
2026-03-07 18:58:06 - BD_ROTAS.xlsx
2026-03-07 18:59:18 - DB_BARRAS.xlsx
2026-03-07 19:00:29 - DB_DEVOLUCAO.xlsx
2026-03-07 19:01:31 - DB_ENTRADA_NOTAS.xlsx
2026-03-07 19:03:02 - DB_ESTQ_ENTR.xlsx
2026-03-07 19:06:51 - DB_LOG_END.xlsx
2026-03-07 19:07:51 - DB_PEDIDO_DIRETO.xlsx
2026-03-07 19:09:42 - DB_PROD_BLITZ.xlsx
2026-03-07 19:10:44 - DB_PROD_VOL.xlsx
2026-03-07 19:11:46 - DB_TERMO.xlsx
2026-03-07 19:12:48 - DB_USUARIO.xlsx
2026-03-07 19:25:08 - BD_AVULSO.xlsx
2026-03-07 19:27:39 - BD_END.xlsx
2026-03-07 19:28:39 - BD_ROTAS.xlsx
2026-03-07 19:29:45 - DB_BARRAS.xlsx
2026-03-07 19:33:10 - DB_LOG_END.xlsx
2026-03-07 19:34:11 - DB_PROD_VOL.xlsx
2026-03-07 19:35:13 - DB_USUARIO.xlsx
2026-03-07 19:48:29 - BD_AVULSO.xlsx
2026-03-07 19:51:06 - BD_END.xlsx
2026-03-07 19:52:07 - BD_ROTAS.xlsx
2026-03-07 19:53:11 - DB_BARRAS.xlsx
2026-03-07 19:54:12 - DB_ENTRADA_NOTAS.xlsx
2026-03-07 19:57:38 - DB_LOG_END.xlsx
2026-03-07 19:58:39 - DB_PROD_VOL.xlsx
2026-03-07 19:59:42 - DB_USUARIO.xlsx
2026-03-07 20:20:36 - BD_AVULSO.xlsx
2026-03-07 20:23:48 - BD_END.xlsx
2026-03-07 20:24:49 - BD_ROTAS.xlsx
2026-03-07 20:25:57 - DB_BARRAS.xlsx
2026-03-07 20:27:23 - DB_DEVOLUCAO.xlsx
2026-03-07 20:28:27 - DB_ENTRADA_NOTAS.xlsx
2026-03-07 20:29:50 - DB_ESTQ_ENTR.xlsx
2026-03-07 20:33:05 - DB_LOG_END.xlsx
2026-03-07 20:34:07 - DB_PEDIDO_DIRETO.xlsx
2026-03-07 20:35:48 - DB_PROD_BLITZ.xlsx
2026-03-07 20:37:00 - DB_PROD_VOL.xlsx
2026-03-07 20:38:03 - DB_TERMO.xlsx
2026-03-07 20:39:05 - DB_USUARIO.xlsx
2026-03-07 20:45:57 - BD_AVULSO.xlsx
2026-03-07 20:47:29 - BD_END.xlsx
2026-03-07 20:48:30 - BD_ROTAS.xlsx
2026-03-07 20:49:36 - DB_BARRAS.xlsx
2026-03-07 20:53:24 - DB_LOG_END.xlsx
2026-03-07 20:54:25 - DB_PROD_VOL.xlsx
2026-03-07 20:55:27 - DB_USUARIO.xlsx
2026-03-07 21:31:09 - BD_AVULSO.xlsx
2026-03-07 21:32:11 - BD_ROTAS.xlsx
2026-03-07 21:33:17 - DB_BARRAS.xlsx
2026-03-07 21:34:18 - DB_DEVOLUCAO.xlsx
2026-03-07 21:35:20 - DB_ENTRADA_NOTAS.xlsx
2026-03-07 21:36:45 - DB_ESTQ_ENTR.xlsx
2026-03-07 21:41:42 - BD_AVULSO.xlsx
2026-03-07 21:44:12 - BD_END.xlsx
2026-03-07 21:45:13 - BD_ROTAS.xlsx
2026-03-07 21:46:18 - DB_BARRAS.xlsx
2026-03-07 21:47:20 - DB_DEVOLUCAO.xlsx
2026-03-07 21:48:23 - DB_ENTRADA_NOTAS.xlsx
2026-03-07 21:49:52 - DB_ESTQ_ENTR.xlsx
2026-03-07 21:53:05 - DB_LOG_END.xlsx
2026-03-07 21:54:05 - DB_PEDIDO_DIRETO.xlsx
2026-03-07 21:55:09 - DB_PROD_BLITZ.xlsx
2026-03-07 21:56:10 - DB_PROD_VOL.xlsx
2026-03-07 21:57:11 - DB_TERMO.xlsx
2026-03-07 21:58:14 - DB_USUARIO.xlsx
2026-03-07 22:14:31 - BD_AVULSO.xlsx
2026-03-07 22:16:35 - BD_END.xlsx
2026-03-07 22:17:42 - BD_ROTAS.xlsx
2026-03-07 22:18:54 - DB_BARRAS.xlsx
2026-03-07 22:19:57 - DB_DEVOLUCAO.xlsx
2026-03-07 22:21:08 - DB_ENTRADA_NOTAS.xlsx
2026-03-07 22:22:36 - DB_ESTQ_ENTR.xlsx
2026-03-07 22:25:52 - DB_LOG_END.xlsx
2026-03-07 22:26:53 - DB_PEDIDO_DIRETO.xlsx
2026-03-07 22:27:55 - DB_PROD_BLITZ.xlsx
2026-03-07 22:28:57 - DB_PROD_VOL.xlsx
2026-03-07 22:30:00 - DB_TERMO.xlsx
2026-03-07 22:31:03 - DB_USUARIO.xlsx
