27/02/2026 16:28:31,87 - Automacao inteligente - Queries:INTELIGENTE Sync:PERFEITO 
27/02/2026 18:14:07,81 - Automacao inteligente - Queries:INTELIGENTE Sync:PERFEITO 
27/02/2026 18:47:59,03 - Automacao inteligente - Queries:INTELIGENTE Sync:PERFEITO 
27/02/2026 20:43:35,38 - Automacao inteligente - Queries:INTELIGENTE Sync:PERFEITO 
28/02/2026  7:48:09,60 - Automacao inteligente - Queries:INTELIGENTE Sync:PERFEITO 
28/02/2026  9:17:53,94 - Automacao inteligente - Queries:INTELIGENTE Sync:PERFEITO 
28/02/2026  9:50:02,02 - Automacao inteligente - Queries:INTELIGENTE Sync:PERFEITO 
28/02/2026 10:17:04,75 - Automacao inteligente - Queries:INTELIGENTE Sync:PERFEITO 
28/02/2026 11:12:25,94 - Automacao inteligente - Queries:INTELIGENTE Sync:PERFEITO 
28/02/2026 12:25:09,78 - Automacao inteligente - Queries:INTELIGENTE Sync:PERFEITO 
28/02/2026 12:47:11,79 - Automacao inteligente - Queries:INTELIGENTE Sync:PERFEITO 
28/02/2026 13:53:03,07 - Automacao inteligente - Queries:INTELIGENTE Sync:PERFEITO 
28/02/2026 14:26:12,33 - Automacao inteligente - Queries:INTELIGENTE Sync:PERFEITO 
28/02/2026 15:17:01,34 - Automacao inteligente - Queries:INTELIGENTE Sync:PERFEITO 
28/02/2026 15:19:54,79 - Automacao inteligente - Queries:INTELIGENTE Sync:PERFEITO 
28/02/2026 15:25:09,64 - Automacao inteligente - Queries:INTELIGENTE Sync:PERFEITO 
28/02/2026 15:33:36,20 - Automacao inteligente - Queries:INTELIGENTE Sync:PERFEITO 
28/02/2026 17:09:23,87 - Automacao inteligente - Queries:INTELIGENTE Sync:PERFEITO 
28/02/2026 18:23:43,47 - Automacao inteligente - Queries:INTELIGENTE Sync:PERFEITO 
02/03/2026  6:38:33,37 - Automacao inteligente - Queries:INTELIGENTE Sync:PERFEITO 
02/03/2026  6:50:16,09 - Automacao inteligente - Queries:INTELIGENTE Sync:PERFEITO 
02/03/2026  8:09:12,93 - Automacao inteligente - Queries:INTELIGENTE Sync:PERFEITO 
02/03/2026  9:12:46,77 - Automacao inteligente - Queries:INTELIGENTE Sync:PERFEITO 
02/03/2026  9:30:54,85 - Automacao inteligente - Queries:INTELIGENTE Sync:PERFEITO 
02/03/2026 10:56:34,71 - Automacao inteligente - Queries:INTELIGENTE Sync:PERFEITO 
02/03/2026 13:23:47,38 - Automacao inteligente - Queries:INTELIGENTE Sync:PERFEITO 
02/03/2026 14:47:04,18 - Automacao inteligente - Queries:INTELIGENTE Sync:PERFEITO 
02/03/2026 14:57:27,73 - Automacao inteligente - Queries:INTELIGENTE Sync:PERFEITO 
02/03/2026 15:46:51,74 - Automacao inteligente - Queries:INTELIGENTE Sync:PERFEITO 
02/03/2026 16:10:43,31 - Automacao inteligente - Queries:INTELIGENTE Sync:PERFEITO 
02/03/2026 16:21:00,88 - Automacao inteligente - Queries:INTELIGENTE Sync:PERFEITO 
02/03/2026 16:32:12,19 - Automacao inteligente - Queries:INTELIGENTE Sync:PERFEITO 
02/03/2026 16:37:01,60 - Automacao inteligente - Queries:INTELIGENTE Sync:PERFEITO 
02/03/2026 16:42:46,59 - Automacao inteligente - Queries:INTELIGENTE Sync:PERFEITO 
02/03/2026 16:54:41,29 - Automacao inteligente - Queries:INTELIGENTE Sync:PERFEITO 
02/03/2026 17:00:34,38 - Automacao inteligente - Queries:INTELIGENTE Sync:PERFEITO 
02/03/2026 17:24:22,79 - Automacao inteligente - Queries:INTELIGENTE Sync:PERFEITO 
02/03/2026 17:51:00,49 - Automacao inteligente - Queries:INTELIGENTE Sync:PERFEITO 
02/03/2026 18:18:18,57 - Automacao inteligente - Queries:INTELIGENTE Sync:PERFEITO 
02/03/2026 18:42:11,18 - Automacao inteligente - Queries:INTELIGENTE Sync:PERFEITO 
02/03/2026 19:08:30,57 - Automacao inteligente - Queries:INTELIGENTE Sync:PERFEITO 
02/03/2026 19:39:32,46 - Automacao inteligente - Queries:INTELIGENTE Sync:PERFEITO 
02/03/2026 20:02:59,95 - Automacao inteligente - Queries:INTELIGENTE Sync:PERFEITO 
03/03/2026  6:17:59,11 - Automacao inteligente - Queries:INTELIGENTE Sync:PERFEITO 
03/03/2026  6:51:30,38 - Automacao inteligente - Queries:INTELIGENTE Sync:PERFEITO 
03/03/2026  7:21:14,29 - Automacao inteligente - Queries:INTELIGENTE Sync:PERFEITO 
03/03/2026  7:45:09,07 - Automacao inteligente - Queries:INTELIGENTE Sync:PERFEITO 
03/03/2026  8:12:44,57 - Automacao inteligente - Queries:INTELIGENTE Sync:PERFEITO 
03/03/2026  8:48:45,23 - Automacao inteligente - Queries:INTELIGENTE Sync:PERFEITO 
03/03/2026  9:16:11,24 - Automacao inteligente - Queries:INTELIGENTE Sync:PERFEITO 
03/03/2026  9:49:17,74 - Automacao inteligente - Queries:INTELIGENTE Sync:PERFEITO 
03/03/2026 10:13:15,86 - Automacao inteligente - Queries:INTELIGENTE Sync:PERFEITO 
03/03/2026 10:38:07,18 - Automacao inteligente - Queries:INTELIGENTE Sync:PERFEITO 
03/03/2026 11:07:29,35 - Automacao inteligente - Queries:INTELIGENTE Sync: 
03/03/2026 12:18:24,55 - Automacao inteligente - Queries:INTELIGENTE Sync:PERFEITO 
03/03/2026 12:53:50,27 - Automacao inteligente - Queries:INTELIGENTE Sync:PERFEITO 
03/03/2026 13:18:00,24 - Automacao inteligente - Queries:INTELIGENTE Sync:PERFEITO 
04/03/2026 16:04:43,61 - Automacao inteligente - Queries:INTELIGENTE Sync:PERFEITO 
04/03/2026 16:35:13,80 - Automacao inteligente - Queries:INTELIGENTE Sync:PERFEITO 
04/03/2026 17:07:01,51 - Automacao inteligente - Queries:INTELIGENTE Sync:PERFEITO 
04/03/2026 17:33:41,01 - Automacao inteligente - Queries:INTELIGENTE Sync:PERFEITO 
04/03/2026 17:57:20,36 - Automacao inteligente - Queries:INTELIGENTE Sync:PERFEITO 
04/03/2026 18:27:21,74 - Automacao inteligente - Queries:INTELIGENTE Sync:PERFEITO 
04/03/2026 18:51:19,16 - Automacao inteligente - Queries:INTELIGENTE Sync:PERFEITO 
04/03/2026 19:14:59,62 - Automacao inteligente - Queries:INTELIGENTE Sync:PERFEITO 
04/03/2026 19:45:24,00 - Automacao inteligente - Queries:INTELIGENTE Sync:PERFEITO 
04/03/2026 21:27:09,39 - Automacao inteligente - Queries:INTELIGENTE Sync:PERFEITO 
04/03/2026 22:25:02,81 - Automacao inteligente - Queries:INTELIGENTE Sync:PERFEITO 
04/03/2026 22:43:01,32 - Automacao inteligente - Queries:INTELIGENTE Sync:PERFEITO 
05/03/2026  7:42:52,25 - Automacao inteligente - Queries:INTELIGENTE Sync:PERFEITO 
05/03/2026 17:03:57,47 - Automacao inteligente - Queries:INTELIGENTE Sync:PERFEITO 
05/03/2026 17:43:16,25 - Automacao inteligente - Queries:INTELIGENTE Sync:PERFEITO 
05/03/2026 18:28:10,90 - Automacao inteligente - Queries:INTELIGENTE Sync:PERFEITO 
05/03/2026 19:17:42,13 - Automacao inteligente - Queries:INTELIGENTE Sync:PERFEITO 
05/03/2026 19:56:16,60 - Automacao inteligente - Queries:INTELIGENTE Sync:PERFEITO 
06/03/2026  6:05:20,15 - Automacao inteligente - Queries:INTELIGENTE Sync:FALHOU 
06/03/2026  6:59:04,61 - Automacao inteligente - Queries:INTELIGENTE Sync:PERFEITO 
06/03/2026  7:38:36,88 - Automacao inteligente - Queries:INTELIGENTE Sync:PERFEITO 
06/03/2026  8:24:11,09 - Automacao inteligente - Queries:INTELIGENTE Sync:PERFEITO 
06/03/2026  9:11:33,28 - Automacao inteligente - Queries:INTELIGENTE Sync:PERFEITO 
06/03/2026  9:52:33,49 - Automacao inteligente - Queries:INTELIGENTE Sync:PERFEITO 
06/03/2026 10:41:49,45 - Automacao inteligente - Queries:INTELIGENTE Sync:PERFEITO 
06/03/2026 11:13:56,26 - Automacao inteligente - Queries:INTELIGENTE Sync:FALHOU 
06/03/2026 11:45:36,99 - Automacao inteligente - Queries:INTELIGENTE Sync:FALHOU 
06/03/2026 12:24:00,80 - Automacao inteligente - Queries:INTELIGENTE Sync:PERFEITO 
06/03/2026 13:10:28,59 - Automacao inteligente - Queries:INTELIGENTE Sync:PERFEITO 
06/03/2026 13:49:33,98 - Automacao inteligente - Queries:INTELIGENTE Sync:PERFEITO 
06/03/2026 14:37:13,22 - Automacao inteligente - Queries:INTELIGENTE Sync:PERFEITO 
06/03/2026 15:23:20,28 - Automacao inteligente - Queries:INTELIGENTE Sync:PERFEITO 
06/03/2026 15:55:44,89 - Automacao inteligente - Queries:INTELIGENTE Sync:FALHOU 
06/03/2026 16:29:49,19 - Automacao inteligente - Queries:INTELIGENTE Sync:FALHOU 
06/03/2026 17:19:37,58 - Automacao inteligente - Queries:INTELIGENTE Sync:PERFEITO 
06/03/2026 18:00:06,96 - Automacao inteligente - Queries:INTELIGENTE Sync:PERFEITO 
06/03/2026 18:44:10,99 - Automacao inteligente - Queries:INTELIGENTE Sync:PERFEITO 
06/03/2026 19:32:58,34 - Automacao inteligente - Queries:INTELIGENTE Sync:PERFEITO 
07/03/2026  6:05:27,73 - Automacao inteligente - Queries:INTELIGENTE Sync:FALHOU 
07/03/2026  6:37:42,88 - Automacao inteligente - Queries:INTELIGENTE Sync:FALHOU 
07/03/2026  7:30:56,80 - Automacao inteligente - Queries:INTELIGENTE Sync:PERFEITO 
07/03/2026  8:15:05,54 - Automacao inteligente - Queries:INTELIGENTE Sync:PERFEITO 
07/03/2026  8:57:47,70 - Automacao inteligente - Queries:INTELIGENTE Sync:PERFEITO 
07/03/2026  9:38:04,48 - Automacao inteligente - Queries:INTELIGENTE Sync:PERFEITO 
07/03/2026 10:22:59,92 - Automacao inteligente - Queries:INTELIGENTE Sync:PERFEITO 
07/03/2026 11:06:24,22 - Automacao inteligente - Queries:INTELIGENTE Sync:PERFEITO 
07/03/2026 11:53:41,34 - Automacao inteligente - Queries:INTELIGENTE Sync:PERFEITO 
07/03/2026 12:41:37,29 - Automacao inteligente - Queries:INTELIGENTE Sync:PERFEITO 
07/03/2026 13:16:11,37 - Automacao inteligente - Queries:INTELIGENTE Sync:FALHOU 
07/03/2026 13:50:24,13 - Automacao inteligente - Queries:INTELIGENTE Sync:PERFEITO 
07/03/2026 14:35:07,78 - Automacao inteligente - Queries:INTELIGENTE Sync:PERFEITO 
07/03/2026 15:23:47,87 - Automacao inteligente - Queries:INTELIGENTE Sync:PERFEITO 
07/03/2026 16:02:08,74 - Automacao inteligente - Queries:INTELIGENTE Sync:PERFEITO 
07/03/2026 16:50:49,98 - Automacao inteligente - Queries:INTELIGENTE Sync:PERFEITO 
07/03/2026 19:13:53,06 - Automacao inteligente - Queries:INTELIGENTE Sync:FALHOU 
07/03/2026 19:39:33,87 - Automacao inteligente - Queries:INTELIGENTE Sync:PERFEITO 
07/03/2026 20:43:35,51 - Automacao inteligente - Queries:INTELIGENTE Sync:PERFEITO 
07/03/2026 20:58:59,33 - Automacao inteligente - Queries:INTELIGENTE Sync:PERFEITO 
07/03/2026 22:03:40,53 - Automacao inteligente - Queries:INTELIGENTE Sync:PERFEITO 
07/03/2026 22:35:12,84 - Automacao inteligente - Queries:INTELIGENTE Sync:PERFEITO 
09/03/2026  6:23:42,26 - Automacao inteligente - Queries:INTELIGENTE Sync:PERFEITO 
09/03/2026  7:42:32,97 - Automacao inteligente - Queries:INTELIGENTE Sync:PERFEITO 
09/03/2026  8:26:04,89 - Automacao inteligente - Queries:INTELIGENTE Sync:PERFEITO 
09/03/2026  9:15:23,24 - Automacao inteligente - Queries:INTELIGENTE Sync:PERFEITO 
09/03/2026 10:38:20,65 - Automacao inteligente - Queries:INTELIGENTE Sync:FALHOU 
09/03/2026 14:36:56,19 - Automacao inteligente - Queries:INTELIGENTE Sync:PERFEITO 
09/03/2026 15:16:32,38 - Automacao inteligente - Queries:INTELIGENTE Sync:FALHOU 
09/03/2026 16:06:00,49 - Automacao inteligente - Queries:INTELIGENTE Sync:OK_2ª 
09/03/2026 16:48:52,96 - Automacao inteligente - Queries:INTELIGENTE Sync:PERFEITO 
09/03/2026 17:35:52,04 - Automacao inteligente - Queries:INTELIGENTE Sync:FALHOU 
09/03/2026 18:19:02,78 - Automacao inteligente - Queries:INTELIGENTE Sync:PERFEITO 
09/03/2026 19:08:13,87 - Automacao inteligente - Queries:INTELIGENTE Sync:PERFEITO 
09/03/2026 19:50:51,07 - Automacao inteligente - Queries:INTELIGENTE Sync:PERFEITO 
09/03/2026 21:57:03,86 - Automacao inteligente - Queries:INTELIGENTE Sync:PERFEITO 
10/03/2026 13:49:05,13 - Automacao inteligente - Queries:INTELIGENTE Sync:PERFEITO 
10/03/2026 14:33:43,55 - Automacao inteligente - Queries:INTELIGENTE Sync:PERFEITO 
10/03/2026 15:10:52,96 - Automacao inteligente - Queries:INTELIGENTE Sync:PERFEITO 
10/03/2026 15:23:57,03 - Automacao inteligente - Queries:INTELIGENTE Sync:PERFEITO 
10/03/2026 16:15:01,19 - Automacao inteligente - Queries:INTELIGENTE Sync:PERFEITO 
10/03/2026 16:58:09,50 - Automacao inteligente - Queries:INTELIGENTE Sync:PERFEITO 
10/03/2026 17:48:40,69 - Automacao inteligente - Queries:INTELIGENTE Sync:PERFEITO 
10/03/2026 18:31:31,93 - Automacao inteligente - Queries:INTELIGENTE Sync:PERFEITO 
10/03/2026 19:22:12,82 - Automacao inteligente - Queries:INTELIGENTE Sync:PERFEITO 
10/03/2026 20:05:27,78 - Automacao inteligente - Queries:INTELIGENTE Sync:PERFEITO 
11/03/2026  6:26:05,56 - Automacao inteligente - Queries:INTELIGENTE Sync:PERFEITO 
11/03/2026  7:08:50,70 - Automacao inteligente - Queries:INTELIGENTE Sync:PERFEITO 
11/03/2026  7:59:28,82 - Automacao inteligente - Queries:INTELIGENTE Sync:PERFEITO 
11/03/2026  8:42:25,66 - Automacao inteligente - Queries:INTELIGENTE Sync:PERFEITO 
11/03/2026  9:33:23,96 - Automacao inteligente - Queries:INTELIGENTE Sync:PERFEITO 
11/03/2026 10:16:46,51 - Automacao inteligente - Queries:INTELIGENTE Sync:PERFEITO 
11/03/2026 11:07:23,28 - Automacao inteligente - Queries:INTELIGENTE Sync:PERFEITO 
11/03/2026 11:50:35,60 - Automacao inteligente - Queries:INTELIGENTE Sync:PERFEITO 
11/03/2026 12:44:22,71 - Automacao inteligente - Queries:INTELIGENTE Sync:PERFEITO 
11/03/2026 13:27:36,93 - Automacao inteligente - Queries:INTELIGENTE Sync:PERFEITO 
11/03/2026 14:18:26,20 - Automacao inteligente - Queries:INTELIGENTE Sync:PERFEITO 
11/03/2026 15:01:40,71 - Automacao inteligente - Queries:INTELIGENTE Sync:PERFEITO 
11/03/2026 15:52:56,37 - Automacao inteligente - Queries:INTELIGENTE Sync:PERFEITO 
11/03/2026 16:37:40,68 - Automacao inteligente - Queries:INTELIGENTE Sync:PERFEITO 
11/03/2026 17:28:46,46 - Automacao inteligente - Queries:INTELIGENTE Sync:PERFEITO 
11/03/2026 18:12:07,20 - Automacao inteligente - Queries:INTELIGENTE Sync:PERFEITO 
11/03/2026 19:05:42,77 - Automacao inteligente - Queries:INTELIGENTE Sync:PERFEITO 
11/03/2026 19:48:34,38 - Automacao inteligente - Queries:INTELIGENTE Sync:PERFEITO 
12/03/2026  6:28:00,64 - Automacao inteligente - Queries:INTELIGENTE Sync:PERFEITO 
12/03/2026  7:10:32,43 - Automacao inteligente - Queries:INTELIGENTE Sync:PERFEITO 
12/03/2026  7:59:49,51 - Automacao inteligente - Queries:INTELIGENTE Sync:PERFEITO 
12/03/2026  8:42:38,70 - Automacao inteligente - Queries:INTELIGENTE Sync:PERFEITO 
12/03/2026  9:34:29,21 - Automacao inteligente - Queries:INTELIGENTE Sync:PERFEITO 
12/03/2026 10:18:18,88 - Automacao inteligente - Queries:INTELIGENTE Sync:PERFEITO 
12/03/2026 11:09:58,77 - Automacao inteligente - Queries:INTELIGENTE Sync:PERFEITO 
13/03/2026 14:25:17,35 - Automacao inteligente - Queries:INTELIGENTE Sync:PERFEITO 
13/03/2026 15:12:15,83 - Automacao inteligente - Queries:INTELIGENTE Sync:PERFEITO 
13/03/2026 16:03:33,16 - Automacao inteligente - Queries:INTELIGENTE Sync:PERFEITO 
13/03/2026 16:47:57,99 - Automacao inteligente - Queries:INTELIGENTE Sync:PERFEITO 
13/03/2026 17:40:27,35 - Automacao inteligente - Queries:INTELIGENTE Sync:PERFEITO 
13/03/2026 18:25:28,19 - Automacao inteligente - Queries:INTELIGENTE Sync:PERFEITO 
13/03/2026 19:16:53,56 - Automacao inteligente - Queries:INTELIGENTE Sync:PERFEITO 
13/03/2026 20:00:31,17 - Automacao inteligente - Queries:INTELIGENTE Sync:PERFEITO 
14/03/2026  6:28:19,64 - Automacao inteligente - Queries:INTELIGENTE Sync:PERFEITO 
14/03/2026  7:12:20,83 - Automacao inteligente - Queries:INTELIGENTE Sync:PERFEITO 
14/03/2026  8:02:36,59 - Automacao inteligente - Queries:INTELIGENTE Sync:PERFEITO 
14/03/2026  8:45:11,10 - Automacao inteligente - Queries:INTELIGENTE Sync:PERFEITO 
14/03/2026  9:35:46,61 - Automacao inteligente - Queries:INTELIGENTE Sync:PERFEITO 
14/03/2026 10:19:38,65 - Automacao inteligente - Queries:INTELIGENTE Sync:PERFEITO 
14/03/2026 11:11:27,65 - Automacao inteligente - Queries:INTELIGENTE Sync:PERFEITO 
14/03/2026 11:54:46,99 - Automacao inteligente - Queries:INTELIGENTE Sync:PERFEITO 
14/03/2026 12:49:51,43 - Automacao inteligente - Queries:INTELIGENTE Sync:PERFEITO 
14/03/2026 13:33:04,47 - Automacao inteligente - Queries:INTELIGENTE Sync:PERFEITO 
14/03/2026 14:23:57,73 - Automacao inteligente - Queries:INTELIGENTE Sync:PERFEITO 
14/03/2026 15:07:49,74 - Automacao inteligente - Queries:INTELIGENTE Sync:PERFEITO 
14/03/2026 15:59:43,60 - Automacao inteligente - Queries:INTELIGENTE Sync:PERFEITO 
14/03/2026 16:43:41,80 - Automacao inteligente - Queries:INTELIGENTE Sync:PERFEITO 
14/03/2026 17:34:46,63 - Automacao inteligente - Queries:INTELIGENTE Sync:PERFEITO 
14/03/2026 18:17:55,19 - Automacao inteligente - Queries:INTELIGENTE Sync:PERFEITO 
14/03/2026 19:12:18,39 - Automacao inteligente - Queries:INTELIGENTE Sync:PERFEITO 
14/03/2026 19:55:34,74 - Automacao inteligente - Queries:INTELIGENTE Sync:PERFEITO 
15/03/2026  6:25:55,09 - Automacao inteligente - Queries:INTELIGENTE Sync:PERFEITO 
15/03/2026  7:08:08,01 - Automacao inteligente - Queries:INTELIGENTE Sync:PERFEITO 
15/03/2026  7:59:22,76 - Automacao inteligente - Queries:INTELIGENTE Sync:PERFEITO 
15/03/2026  8:41:38,27 - Automacao inteligente - Queries:INTELIGENTE Sync:PERFEITO 
15/03/2026  9:31:23,57 - Automacao inteligente - Queries:INTELIGENTE Sync:PERFEITO 
15/03/2026 10:13:37,47 - Automacao inteligente - Queries:INTELIGENTE Sync:PERFEITO 
15/03/2026 11:04:02,56 - Automacao inteligente - Queries:INTELIGENTE Sync:PERFEITO 
15/03/2026 11:46:38,95 - Automacao inteligente - Queries:INTELIGENTE Sync:PERFEITO 
15/03/2026 12:39:03,49 - Automacao inteligente - Queries:INTELIGENTE Sync:PERFEITO 
15/03/2026 13:21:18,55 - Automacao inteligente - Queries:INTELIGENTE Sync:PERFEITO 
15/03/2026 14:11:48,01 - Automacao inteligente - Queries:INTELIGENTE Sync:PERFEITO 
15/03/2026 14:54:14,04 - Automacao inteligente - Queries:INTELIGENTE Sync:PERFEITO 
15/03/2026 15:43:53,52 - Automacao inteligente - Queries:INTELIGENTE Sync:PERFEITO 
15/03/2026 16:26:22,18 - Automacao inteligente - Queries:INTELIGENTE Sync:PERFEITO 
15/03/2026 17:15:57,22 - Automacao inteligente - Queries:INTELIGENTE Sync:PERFEITO 
15/03/2026 17:58:25,79 - Automacao inteligente - Queries:INTELIGENTE Sync:PERFEITO 
15/03/2026 18:52:51,54 - Automacao inteligente - Queries:INTELIGENTE Sync:PERFEITO 
15/03/2026 19:35:07,84 - Automacao inteligente - Queries:INTELIGENTE Sync:PERFEITO 
16/03/2026  6:26:24,12 - Automacao inteligente - Queries:INTELIGENTE Sync:PERFEITO 
16/03/2026  7:09:07,29 - Automacao inteligente - Queries:INTELIGENTE Sync:PERFEITO 
16/03/2026  7:59:34,80 - Automacao inteligente - Queries:INTELIGENTE Sync:PERFEITO 
16/03/2026  8:43:11,48 - Automacao inteligente - Queries:INTELIGENTE Sync:PERFEITO 
16/03/2026  9:34:09,87 - Automacao inteligente - Queries:INTELIGENTE Sync:PERFEITO 
16/03/2026 10:17:09,28 - Automacao inteligente - Queries:INTELIGENTE Sync:PERFEITO 
16/03/2026 11:07:36,16 - Automacao inteligente - Queries:INTELIGENTE Sync:PERFEITO 
16/03/2026 11:51:07,79 - Automacao inteligente - Queries:INTELIGENTE Sync:PERFEITO 
16/03/2026 12:47:06,06 - Automacao inteligente - Queries:INTELIGENTE Sync:PERFEITO 
16/03/2026 13:30:21,05 - Automacao inteligente - Queries:INTELIGENTE Sync:PERFEITO 
16/03/2026 14:21:05,45 - Automacao inteligente - Queries:INTELIGENTE Sync:PERFEITO 
16/03/2026 15:04:22,77 - Automacao inteligente - Queries:INTELIGENTE Sync:PERFEITO 
16/03/2026 15:55:39,56 - Automacao inteligente - Queries:INTELIGENTE Sync:PERFEITO 
16/03/2026 16:38:49,86 - Automacao inteligente - Queries:INTELIGENTE Sync:PERFEITO 
16/03/2026 17:29:57,84 - Automacao inteligente - Queries:INTELIGENTE Sync:PERFEITO 
16/03/2026 18:13:09,17 - Automacao inteligente - Queries:INTELIGENTE Sync:PERFEITO 
16/03/2026 19:08:25,78 - Automacao inteligente - Queries:INTELIGENTE Sync:PERFEITO 
16/03/2026 19:51:12,96 - Automacao inteligente - Queries:INTELIGENTE Sync:PERFEITO 
17/03/2026  6:28:13,53 - Automacao inteligente - Queries:INTELIGENTE Sync:PERFEITO 
17/03/2026  7:10:52,42 - Automacao inteligente - Queries:INTELIGENTE Sync:PERFEITO 
17/03/2026  8:01:14,71 - Automacao inteligente - Queries:INTELIGENTE Sync:PERFEITO 
17/03/2026  8:44:58,90 - Automacao inteligente - Queries:INTELIGENTE Sync:PERFEITO 
17/03/2026  9:36:29,03 - Automacao inteligente - Queries:INTELIGENTE Sync:PERFEITO 
17/03/2026 10:19:52,09 - Automacao inteligente - Queries:INTELIGENTE Sync:PERFEITO 
17/03/2026 11:10:21,82 - Automacao inteligente - Queries:INTELIGENTE Sync:PERFEITO 
17/03/2026 11:53:36,13 - Automacao inteligente - Queries:INTELIGENTE Sync:PERFEITO 
17/03/2026 12:50:13,30 - Automacao inteligente - Queries:INTELIGENTE Sync:PERFEITO 
17/03/2026 13:33:35,09 - Automacao inteligente - Queries:INTELIGENTE Sync:PERFEITO 
17/03/2026 14:24:32,94 - Automacao inteligente - Queries:INTELIGENTE Sync:PERFEITO 
17/03/2026 15:08:07,15 - Automacao inteligente - Queries:INTELIGENTE Sync:PERFEITO 
17/03/2026 15:59:30,11 - Automacao inteligente - Queries:INTELIGENTE Sync:PERFEITO 
17/03/2026 16:42:39,51 - Automacao inteligente - Queries:INTELIGENTE Sync:PERFEITO 
17/03/2026 17:34:37,10 - Automacao inteligente - Queries:INTELIGENTE Sync:PERFEITO 
17/03/2026 18:17:37,96 - Automacao inteligente - Queries:INTELIGENTE Sync:PERFEITO 
17/03/2026 19:13:35,94 - Automacao inteligente - Queries:INTELIGENTE Sync:PERFEITO 
17/03/2026 19:56:49,95 - Automacao inteligente - Queries:INTELIGENTE Sync:PERFEITO 
18/03/2026  6:29:10,55 - Automacao inteligente - Queries:INTELIGENTE Sync:PERFEITO 
18/03/2026  7:11:51,67 - Automacao inteligente - Queries:INTELIGENTE Sync:PERFEITO 
18/03/2026  8:02:31,53 - Automacao inteligente - Queries:INTELIGENTE Sync:PERFEITO 
18/03/2026  8:46:24,00 - Automacao inteligente - Queries:INTELIGENTE Sync:PERFEITO 
18/03/2026  9:38:03,76 - Automacao inteligente - Queries:INTELIGENTE Sync:PERFEITO 
18/03/2026 10:21:39,58 - Automacao inteligente - Queries:INTELIGENTE Sync:PERFEITO 
18/03/2026 11:13:33,68 - Automacao inteligente - Queries:INTELIGENTE Sync:PERFEITO 
18/03/2026 11:56:55,43 - Automacao inteligente - Queries:INTELIGENTE Sync:PERFEITO 
18/03/2026 12:54:21,43 - Automacao inteligente - Queries:INTELIGENTE Sync:PERFEITO 
18/03/2026 13:38:11,63 - Automacao inteligente - Queries:INTELIGENTE Sync:PERFEITO 
18/03/2026 14:30:12,09 - Automacao inteligente - Queries:INTELIGENTE Sync:PERFEITO 
18/03/2026 15:13:52,28 - Automacao inteligente - Queries:INTELIGENTE Sync:PERFEITO 
18/03/2026 16:06:11,27 - Automacao inteligente - Queries:INTELIGENTE Sync:PERFEITO 
18/03/2026 16:49:22,15 - Automacao inteligente - Queries:INTELIGENTE Sync:PERFEITO 
18/03/2026 17:40:42,70 - Automacao inteligente - Queries:INTELIGENTE Sync:PERFEITO 
18/03/2026 18:23:58,40 - Automacao inteligente - Queries:INTELIGENTE Sync:PERFEITO 
18/03/2026 19:20:23,15 - Automacao inteligente - Queries:INTELIGENTE Sync:PERFEITO 
18/03/2026 20:03:31,01 - Automacao inteligente - Queries:INTELIGENTE Sync:PERFEITO 
19/03/2026  6:30:35,16 - Automacao inteligente - Queries:INTELIGENTE Sync:PERFEITO 
19/03/2026  7:13:15,97 - Automacao inteligente - Queries:INTELIGENTE Sync:PERFEITO 
19/03/2026  8:12:52,50 - Automacao inteligente - Queries:INTELIGENTE Sync:PERFEITO 
19/03/2026  8:56:02,20 - Automacao inteligente - Queries:INTELIGENTE Sync:PERFEITO 
19/03/2026  9:47:18,31 - Automacao inteligente - Queries:INTELIGENTE Sync:PERFEITO 
19/03/2026 10:30:19,61 - Automacao inteligente - Queries:INTELIGENTE Sync:PERFEITO 
19/03/2026 11:22:26,75 - Automacao inteligente - Queries:INTELIGENTE Sync:PERFEITO 
19/03/2026 12:05:34,53 - Automacao inteligente - Queries:INTELIGENTE Sync:PERFEITO 
19/03/2026 13:02:23,95 - Automacao inteligente - Queries:INTELIGENTE Sync:PERFEITO 
19/03/2026 13:45:42,61 - Automacao inteligente - Queries:INTELIGENTE Sync:PERFEITO 
19/03/2026 14:36:51,75 - Automacao inteligente - Queries:INTELIGENTE Sync:PERFEITO 
19/03/2026 15:20:01,04 - Automacao inteligente - Queries:INTELIGENTE Sync:PERFEITO 
19/03/2026 16:16:13,58 - Automacao inteligente - Queries:INTELIGENTE Sync:PERFEITO 
19/03/2026 17:01:24,22 - Automacao inteligente - Queries:INTELIGENTE Sync:PERFEITO 
19/03/2026 17:52:45,47 - Automacao inteligente - Queries:INTELIGENTE Sync:PERFEITO 
19/03/2026 18:35:37,42 - Automacao inteligente - Queries:INTELIGENTE Sync:PERFEITO 
19/03/2026 19:31:27,54 - Automacao inteligente - Queries:INTELIGENTE Sync:PERFEITO 
20/03/2026  6:28:04,68 - Automacao inteligente - Queries:INTELIGENTE Sync:PERFEITO 
20/03/2026  7:12:04,18 - Automacao inteligente - Queries:INTELIGENTE Sync:PERFEITO 
20/03/2026  8:02:37,03 - Automacao inteligente - Queries:INTELIGENTE Sync:PERFEITO 
20/03/2026  8:46:17,98 - Automacao inteligente - Queries:INTELIGENTE Sync:PERFEITO 
20/03/2026  9:39:22,70 - Automacao inteligente - Queries:INTELIGENTE Sync:PERFEITO 
20/03/2026 10:22:54,37 - Automacao inteligente - Queries:INTELIGENTE Sync:PERFEITO 
20/03/2026 11:15:04,30 - Automacao inteligente - Queries:INTELIGENTE Sync:PERFEITO 
20/03/2026 11:58:51,27 - Automacao inteligente - Queries:INTELIGENTE Sync:PERFEITO 
20/03/2026 12:54:20,95 - Automacao inteligente - Queries:INTELIGENTE Sync:PERFEITO 
20/03/2026 13:37:42,56 - Automacao inteligente - Queries:INTELIGENTE Sync:PERFEITO 
20/03/2026 14:30:36,91 - Automacao inteligente - Queries:INTELIGENTE Sync:PERFEITO 
20/03/2026 15:58:19,30 - Automacao inteligente - Queries:INTELIGENTE Sync:OK_2ª 
20/03/2026 16:50:07,50 - Automacao inteligente - Queries:INTELIGENTE Sync:PERFEITO 
20/03/2026 17:33:18,78 - Automacao inteligente - Queries:INTELIGENTE Sync:PERFEITO 
20/03/2026 18:24:24,18 - Automacao inteligente - Queries:INTELIGENTE Sync:PERFEITO 
20/03/2026 19:11:47,30 - Automacao inteligente - Queries:INTELIGENTE Sync:PERFEITO 
20/03/2026 20:03:31,71 - Automacao inteligente - Queries:INTELIGENTE Sync:PERFEITO 
21/03/2026  6:29:55,66 - Automacao inteligente - Queries:INTELIGENTE Sync:PERFEITO 
21/03/2026  7:12:33,42 - Automacao inteligente - Queries:INTELIGENTE Sync:PERFEITO 
21/03/2026  8:02:52,08 - Automacao inteligente - Queries:INTELIGENTE Sync:PERFEITO 
21/03/2026  8:45:54,33 - Automacao inteligente - Queries:INTELIGENTE Sync:PERFEITO 
21/03/2026  9:37:03,81 - Automacao inteligente - Queries:INTELIGENTE Sync:PERFEITO 
21/03/2026 10:20:07,67 - Automacao inteligente - Queries:INTELIGENTE Sync:PERFEITO 
21/03/2026 11:12:01,34 - Automacao inteligente - Queries:INTELIGENTE Sync:PERFEITO 
21/03/2026 11:55:46,57 - Automacao inteligente - Queries:INTELIGENTE Sync:PERFEITO 
21/03/2026 12:51:22,38 - Automacao inteligente - Queries:INTELIGENTE Sync:PERFEITO 
21/03/2026 13:34:51,48 - Automacao inteligente - Queries:INTELIGENTE Sync:PERFEITO 
21/03/2026 14:26:01,62 - Automacao inteligente - Queries:INTELIGENTE Sync:PERFEITO 
21/03/2026 15:09:04,38 - Automacao inteligente - Queries:INTELIGENTE Sync:PERFEITO 
21/03/2026 16:00:24,55 - Automacao inteligente - Queries:INTELIGENTE Sync:PERFEITO 
21/03/2026 16:43:09,93 - Automacao inteligente - Queries:INTELIGENTE Sync:PERFEITO 
21/03/2026 17:34:32,47 - Automacao inteligente - Queries:INTELIGENTE Sync:PERFEITO 
21/03/2026 18:22:31,70 - Automacao inteligente - Queries:INTELIGENTE Sync:PERFEITO 
21/03/2026 19:18:20,69 - Automacao inteligente - Queries:INTELIGENTE Sync:PERFEITO 
21/03/2026 20:01:48,64 - Automacao inteligente - Queries:INTELIGENTE Sync:PERFEITO 
22/03/2026  6:28:15,94 - Automacao inteligente - Queries:INTELIGENTE Sync:PERFEITO 
22/03/2026  7:10:49,80 - Automacao inteligente - Queries:INTELIGENTE Sync:PERFEITO 
22/03/2026  8:00:42,64 - Automacao inteligente - Queries:INTELIGENTE Sync:PERFEITO 
22/03/2026  8:43:10,90 - Automacao inteligente - Queries:INTELIGENTE Sync:PERFEITO 
22/03/2026  9:32:57,27 - Automacao inteligente - Queries:INTELIGENTE Sync:PERFEITO 
22/03/2026 10:15:10,88 - Automacao inteligente - Queries:INTELIGENTE Sync:PERFEITO 
22/03/2026 11:05:06,14 - Automacao inteligente - Queries:INTELIGENTE Sync:PERFEITO 
22/03/2026 11:47:21,75 - Automacao inteligente - Queries:INTELIGENTE Sync:PERFEITO 
22/03/2026 12:41:05,22 - Automacao inteligente - Queries:INTELIGENTE Sync:PERFEITO 
22/03/2026 13:23:48,38 - Automacao inteligente - Queries:INTELIGENTE Sync:PERFEITO 
22/03/2026 14:14:22,78 - Automacao inteligente - Queries:INTELIGENTE Sync:PERFEITO 
22/03/2026 14:56:37,79 - Automacao inteligente - Queries:INTELIGENTE Sync:PERFEITO 
22/03/2026 15:47:07,80 - Automacao inteligente - Queries:INTELIGENTE Sync:PERFEITO 
22/03/2026 16:29:25,94 - Automacao inteligente - Queries:INTELIGENTE Sync:PERFEITO 
22/03/2026 17:19:27,08 - Automacao inteligente - Queries:INTELIGENTE Sync:PERFEITO 
22/03/2026 18:01:50,63 - Automacao inteligente - Queries:INTELIGENTE Sync:PERFEITO 
22/03/2026 18:55:47,81 - Automacao inteligente - Queries:INTELIGENTE Sync:PERFEITO 
22/03/2026 19:38:22,48 - Automacao inteligente - Queries:INTELIGENTE Sync:PERFEITO 
23/03/2026  6:29:13,16 - Automacao inteligente - Queries:INTELIGENTE Sync:PERFEITO 
23/03/2026  7:11:54,12 - Automacao inteligente - Queries:INTELIGENTE Sync:PERFEITO 
23/03/2026  8:05:02,84 - Automacao inteligente - Queries:INTELIGENTE Sync:PERFEITO 
23/03/2026  8:51:03,53 - Automacao inteligente - Queries:INTELIGENTE Sync:PERFEITO 
23/03/2026 11:12:18,75 - Automacao inteligente - Queries:INTELIGENTE Sync:PERFEITO 
23/03/2026 11:55:45,11 - Automacao inteligente - Queries:INTELIGENTE Sync:PERFEITO 
23/03/2026 12:51:03,19 - Automacao inteligente - Queries:INTELIGENTE Sync:PERFEITO 
23/03/2026 13:34:31,63 - Automacao inteligente - Queries:INTELIGENTE Sync:PERFEITO 
23/03/2026 14:27:05,25 - Automacao inteligente - Queries:INTELIGENTE Sync:PERFEITO 
23/03/2026 15:12:14,44 - Automacao inteligente - Queries:INTELIGENTE Sync:PERFEITO 
23/03/2026 16:08:30,94 - Automacao inteligente - Queries:INTELIGENTE Sync:PERFEITO 
23/03/2026 16:54:36,22 - Automacao inteligente - Queries:INTELIGENTE Sync:PERFEITO 
23/03/2026 17:46:52,57 - Automacao inteligente - Queries:INTELIGENTE Sync:PERFEITO 
23/03/2026 18:29:40,91 - Automacao inteligente - Queries:INTELIGENTE Sync:PERFEITO 
23/03/2026 19:28:58,97 - Automacao inteligente - Queries:INTELIGENTE Sync:PERFEITO 
23/03/2026 20:13:57,11 - Automacao inteligente - Queries:INTELIGENTE Sync:PERFEITO 
24/03/2026  6:28:07,67 - Automacao inteligente - Queries:INTELIGENTE Sync:PERFEITO 
24/03/2026  7:10:30,42 - Automacao inteligente - Queries:INTELIGENTE Sync:PERFEITO 
24/03/2026  7:59:47,71 - Automacao inteligente - Queries:INTELIGENTE Sync:PERFEITO 
24/03/2026  8:43:33,86 - Automacao inteligente - Queries:INTELIGENTE Sync:PERFEITO 
24/03/2026  9:35:03,05 - Automacao inteligente - Queries:INTELIGENTE Sync:PERFEITO 
24/03/2026 10:18:13,69 - Automacao inteligente - Queries:INTELIGENTE Sync:PERFEITO 
24/03/2026 11:08:58,55 - Automacao inteligente - Queries:INTELIGENTE Sync:PERFEITO 
24/03/2026 11:52:07,15 - Automacao inteligente - Queries:INTELIGENTE Sync:PERFEITO 
24/03/2026 12:46:32,31 - Automacao inteligente - Queries:INTELIGENTE Sync:PERFEITO 
24/03/2026 13:29:42,29 - Automacao inteligente - Queries:INTELIGENTE Sync:PERFEITO 
24/03/2026 14:21:18,81 - Automacao inteligente - Queries:INTELIGENTE Sync:PERFEITO 
24/03/2026 15:04:29,37 - Automacao inteligente - Queries:INTELIGENTE Sync:PERFEITO 
24/03/2026 15:55:34,54 - Automacao inteligente - Queries:INTELIGENTE Sync:PERFEITO 
24/03/2026 16:39:00,24 - Automacao inteligente - Queries:INTELIGENTE Sync:PERFEITO 
24/03/2026 17:29:47,60 - Automacao inteligente - Queries:INTELIGENTE Sync:PERFEITO 
24/03/2026 18:13:28,47 - Automacao inteligente - Queries:INTELIGENTE Sync:PERFEITO 
24/03/2026 19:07:28,15 - Automacao inteligente - Queries:INTELIGENTE Sync:PERFEITO 
24/03/2026 19:50:39,45 - Automacao inteligente - Queries:INTELIGENTE Sync:PERFEITO 
25/03/2026  6:27:13,05 - Automacao inteligente - Queries:INTELIGENTE Sync:PERFEITO 
25/03/2026  7:09:42,58 - Automacao inteligente - Queries:INTELIGENTE Sync:PERFEITO 
25/03/2026  7:59:36,77 - Automacao inteligente - Queries:INTELIGENTE Sync:PERFEITO 
25/03/2026  8:43:42,57 - Automacao inteligente - Queries:INTELIGENTE Sync:PERFEITO 
25/03/2026  9:35:07,54 - Automacao inteligente - Queries:INTELIGENTE Sync:PERFEITO 
25/03/2026 10:18:23,89 - Automacao inteligente - Queries:INTELIGENTE Sync:PERFEITO 
25/03/2026 11:09:24,60 - Automacao inteligente - Queries:INTELIGENTE Sync:PERFEITO 
25/03/2026 11:52:55,42 - Automacao inteligente - Queries:INTELIGENTE Sync:PERFEITO 
25/03/2026 12:47:06,54 - Automacao inteligente - Queries:INTELIGENTE Sync:PERFEITO 
25/03/2026 13:30:22,34 - Automacao inteligente - Queries:INTELIGENTE Sync:PERFEITO 
25/03/2026 14:21:02,09 - Automacao inteligente - Queries:INTELIGENTE Sync:PERFEITO 
25/03/2026 15:04:12,58 - Automacao inteligente - Queries:INTELIGENTE Sync:PERFEITO 
25/03/2026 15:55:08,67 - Automacao inteligente - Queries:INTELIGENTE Sync:PERFEITO 
25/03/2026 16:38:22,01 - Automacao inteligente - Queries:INTELIGENTE Sync:PERFEITO 
25/03/2026 17:29:06,19 - Automacao inteligente - Queries:INTELIGENTE Sync:PERFEITO 
25/03/2026 18:12:06,76 - Automacao inteligente - Queries:INTELIGENTE Sync:PERFEITO 
25/03/2026 19:07:41,57 - Automacao inteligente - Queries:INTELIGENTE Sync:PERFEITO 
25/03/2026 19:50:58,19 - Automacao inteligente - Queries:INTELIGENTE Sync:PERFEITO 
26/03/2026  6:26:43,69 - Automacao inteligente - Queries:INTELIGENTE Sync:PERFEITO 
26/03/2026  7:09:26,32 - Automacao inteligente - Queries:INTELIGENTE Sync:PERFEITO 
26/03/2026  7:58:28,18 - Automacao inteligente - Queries:INTELIGENTE Sync:PERFEITO 
26/03/2026  8:42:04,99 - Automacao inteligente - Queries:INTELIGENTE Sync:PERFEITO 
26/03/2026  9:32:57,55 - Automacao inteligente - Queries:INTELIGENTE Sync:PERFEITO 
26/03/2026 10:16:08,13 - Automacao inteligente - Queries:INTELIGENTE Sync:PERFEITO 
26/03/2026 11:07:36,43 - Automacao inteligente - Queries:INTELIGENTE Sync:PERFEITO 
26/03/2026 11:51:15,52 - Automacao inteligente - Queries:INTELIGENTE Sync:PERFEITO 
26/03/2026 12:45:57,30 - Automacao inteligente - Queries:INTELIGENTE Sync:PERFEITO 
26/03/2026 13:29:33,11 - Automacao inteligente - Queries:INTELIGENTE Sync:PERFEITO 
26/03/2026 14:21:37,34 - Automacao inteligente - Queries:INTELIGENTE Sync:PERFEITO 
26/03/2026 15:04:44,42 - Automacao inteligente - Queries:INTELIGENTE Sync:PERFEITO 
26/03/2026 15:55:45,10 - Automacao inteligente - Queries:INTELIGENTE Sync:PERFEITO 
26/03/2026 16:38:51,93 - Automacao inteligente - Queries:INTELIGENTE Sync:PERFEITO 
26/03/2026 17:28:21,91 - Automacao inteligente - Queries:INTELIGENTE Sync:PERFEITO 
26/03/2026 18:13:59,55 - Automacao inteligente - Queries:INTELIGENTE Sync:PERFEITO 
26/03/2026 19:03:46,47 - Automacao inteligente - Queries:INTELIGENTE Sync:PERFEITO 
26/03/2026 19:47:47,88 - Automacao inteligente - Queries:INTELIGENTE Sync:PERFEITO 
27/03/2026  6:27:42,87 - Automacao inteligente - Queries:INTELIGENTE Sync:PERFEITO 
27/03/2026  7:10:46,24 - Automacao inteligente - Queries:INTELIGENTE Sync:PERFEITO 
27/03/2026  8:00:15,47 - Automacao inteligente - Queries:INTELIGENTE Sync:PERFEITO 
27/03/2026  8:42:40,79 - Automacao inteligente - Queries:INTELIGENTE Sync:PERFEITO 
27/03/2026  9:33:22,50 - Automacao inteligente - Queries:INTELIGENTE Sync:PERFEITO 
27/03/2026 10:16:25,23 - Automacao inteligente - Queries:INTELIGENTE Sync:PERFEITO 
27/03/2026 11:07:24,93 - Automacao inteligente - Queries:INTELIGENTE Sync:PERFEITO 
27/03/2026 11:50:53,60 - Automacao inteligente - Queries:INTELIGENTE Sync:PERFEITO 
27/03/2026 12:46:13,87 - Automacao inteligente - Queries:INTELIGENTE Sync:PERFEITO 
27/03/2026 13:29:35,71 - Automacao inteligente - Queries:INTELIGENTE Sync:PERFEITO 
27/03/2026 14:20:21,00 - Automacao inteligente - Queries:INTELIGENTE Sync:PERFEITO 
27/03/2026 15:03:36,79 - Automacao inteligente - Queries:INTELIGENTE Sync:PERFEITO 
27/03/2026 15:54:15,36 - Automacao inteligente - Queries:INTELIGENTE Sync:PERFEITO 
27/03/2026 16:37:21,22 - Automacao inteligente - Queries:INTELIGENTE Sync:PERFEITO 
27/03/2026 17:29:17,37 - Automacao inteligente - Queries:INTELIGENTE Sync:PERFEITO 
27/03/2026 18:12:58,27 - Automacao inteligente - Queries:INTELIGENTE Sync:PERFEITO 
27/03/2026 19:08:13,87 - Automacao inteligente - Queries:INTELIGENTE Sync:PERFEITO 
27/03/2026 19:51:19,79 - Automacao inteligente - Queries:INTELIGENTE Sync:PERFEITO 
28/03/2026  6:26:11,41 - Automacao inteligente - Queries:INTELIGENTE Sync:PERFEITO 
28/03/2026  7:08:57,51 - Automacao inteligente - Queries:INTELIGENTE Sync:PERFEITO 
28/03/2026  7:57:56,35 - Automacao inteligente - Queries:INTELIGENTE Sync:PERFEITO 
28/03/2026  8:41:44,48 - Automacao inteligente - Queries:INTELIGENTE Sync:PERFEITO 
28/03/2026  9:32:39,58 - Automacao inteligente - Queries:INTELIGENTE Sync:PERFEITO 
28/03/2026 10:15:50,15 - Automacao inteligente - Queries:INTELIGENTE Sync:PERFEITO 
28/03/2026 11:06:59,44 - Automacao inteligente - Queries:INTELIGENTE Sync:PERFEITO 
28/03/2026 11:50:20,86 - Automacao inteligente - Queries:INTELIGENTE Sync:PERFEITO 
28/03/2026 12:45:38,63 - Automacao inteligente - Queries:INTELIGENTE Sync:PERFEITO 
28/03/2026 13:28:55,01 - Automacao inteligente - Queries:INTELIGENTE Sync:PERFEITO 
28/03/2026 14:19:26,63 - Automacao inteligente - Queries:INTELIGENTE Sync:PERFEITO 
28/03/2026 15:02:49,63 - Automacao inteligente - Queries:INTELIGENTE Sync:PERFEITO 
28/03/2026 15:53:56,00 - Automacao inteligente - Queries:INTELIGENTE Sync:PERFEITO 
28/03/2026 16:36:54,29 - Automacao inteligente - Queries:INTELIGENTE Sync:PERFEITO 
28/03/2026 17:26:45,82 - Automacao inteligente - Queries:INTELIGENTE Sync:PERFEITO 
28/03/2026 18:09:07,00 - Automacao inteligente - Queries:INTELIGENTE Sync:PERFEITO 
28/03/2026 19:02:32,72 - Automacao inteligente - Queries:INTELIGENTE Sync:PERFEITO 
28/03/2026 19:45:09,66 - Automacao inteligente - Queries:INTELIGENTE Sync:PERFEITO 
29/03/2026  6:24:17,69 - Automacao inteligente - Queries:INTELIGENTE Sync:PERFEITO 
29/03/2026  7:06:31,66 - Automacao inteligente - Queries:INTELIGENTE Sync:PERFEITO 
29/03/2026  7:55:29,88 - Automacao inteligente - Queries:INTELIGENTE Sync:PERFEITO 
29/03/2026  8:37:44,66 - Automacao inteligente - Queries:INTELIGENTE Sync:PERFEITO 
29/03/2026  9:26:48,77 - Automacao inteligente - Queries:INTELIGENTE Sync:PERFEITO 
29/03/2026 10:09:05,63 - Automacao inteligente - Queries:INTELIGENTE Sync:PERFEITO 
29/03/2026 10:58:37,50 - Automacao inteligente - Queries:INTELIGENTE Sync:PERFEITO 
29/03/2026 11:41:02,95 - Automacao inteligente - Queries:INTELIGENTE Sync:PERFEITO 
29/03/2026 12:34:13,64 - Automacao inteligente - Queries:INTELIGENTE Sync:PERFEITO 
29/03/2026 13:16:33,34 - Automacao inteligente - Queries:INTELIGENTE Sync:PERFEITO 
29/03/2026 14:05:41,22 - Automacao inteligente - Queries:INTELIGENTE Sync:PERFEITO 
29/03/2026 14:47:54,58 - Automacao inteligente - Queries:INTELIGENTE Sync:PERFEITO 
29/03/2026 15:37:16,64 - Automacao inteligente - Queries:INTELIGENTE Sync:PERFEITO 
29/03/2026 16:19:30,81 - Automacao inteligente - Queries:INTELIGENTE Sync:PERFEITO 
29/03/2026 17:08:36,63 - Automacao inteligente - Queries:INTELIGENTE Sync:PERFEITO 
29/03/2026 17:51:04,92 - Automacao inteligente - Queries:INTELIGENTE Sync:PERFEITO 
29/03/2026 18:43:22,66 - Automacao inteligente - Queries:INTELIGENTE Sync:PERFEITO 
29/03/2026 19:26:01,90 - Automacao inteligente - Queries:INTELIGENTE Sync:PERFEITO 
29/03/2026 20:14:58,12 - Automacao inteligente - Queries:INTELIGENTE Sync:PERFEITO 
30/03/2026  6:28:50,33 - Automacao inteligente - Queries:INTELIGENTE Sync:PERFEITO 
30/03/2026  7:11:43,61 - Automacao inteligente - Queries:INTELIGENTE Sync:PERFEITO 
30/03/2026  8:02:03,45 - Automacao inteligente - Queries:INTELIGENTE Sync:PERFEITO 
30/03/2026  8:44:31,17 - Automacao inteligente - Queries:INTELIGENTE Sync:PERFEITO 
30/03/2026  9:36:34,31 - Automacao inteligente - Queries:INTELIGENTE Sync:PERFEITO 
30/03/2026 10:21:08,72 - Automacao inteligente - Queries:INTELIGENTE Sync:PERFEITO 
30/03/2026 11:13:32,20 - Automacao inteligente - Queries:INTELIGENTE Sync:PERFEITO 
30/03/2026 12:42:05,72 - Automacao inteligente - Queries:INTELIGENTE Sync:PERFEITO 
30/03/2026 13:07:11,94 - Automacao inteligente - Queries:INTELIGENTE Sync:PERFEITO 
30/03/2026 13:57:27,96 - Automacao inteligente - Queries:INTELIGENTE Sync:PERFEITO 
30/03/2026 14:41:03,10 - Automacao inteligente - Queries:INTELIGENTE Sync:PERFEITO 
30/03/2026 15:32:14,03 - Automacao inteligente - Queries:INTELIGENTE Sync:PERFEITO 
30/03/2026 16:15:09,60 - Automacao inteligente - Queries:INTELIGENTE Sync:PERFEITO 
30/03/2026 17:05:24,00 - Automacao inteligente - Queries:INTELIGENTE Sync:PERFEITO 
30/03/2026 17:49:35,77 - Automacao inteligente - Queries:INTELIGENTE Sync:PERFEITO 
30/03/2026 18:40:26,91 - Automacao inteligente - Queries:INTELIGENTE Sync:PERFEITO 
30/03/2026 19:26:38,50 - Automacao inteligente - Queries:INTELIGENTE Sync:PERFEITO 
30/03/2026 20:17:10,45 - Automacao inteligente - Queries:INTELIGENTE Sync:PERFEITO 
31/03/2026  6:26:36,67 - Automacao inteligente - Queries:INTELIGENTE Sync:PERFEITO 
31/03/2026  7:09:09,69 - Automacao inteligente - Queries:INTELIGENTE Sync:PERFEITO 
31/03/2026  7:58:31,38 - Automacao inteligente - Queries:INTELIGENTE Sync:PERFEITO 
31/03/2026  8:41:26,88 - Automacao inteligente - Queries:INTELIGENTE Sync:PERFEITO 
31/03/2026  9:32:33,83 - Automacao inteligente - Queries:INTELIGENTE Sync:PERFEITO 
31/03/2026 10:15:57,24 - Automacao inteligente - Queries:INTELIGENTE Sync:PERFEITO 
31/03/2026 11:06:39,42 - Automacao inteligente - Queries:INTELIGENTE Sync:PERFEITO 
31/03/2026 11:49:38,51 - Automacao inteligente - Queries:INTELIGENTE Sync:PERFEITO 
31/03/2026 12:43:33,28 - Automacao inteligente - Queries:INTELIGENTE Sync:PERFEITO 
31/03/2026 13:26:13,47 - Automacao inteligente - Queries:INTELIGENTE Sync:PERFEITO 
31/03/2026 14:17:34,38 - Automacao inteligente - Queries:INTELIGENTE Sync:PERFEITO 
31/03/2026 15:01:33,53 - Automacao inteligente - Queries:INTELIGENTE Sync:PERFEITO 
31/03/2026 15:51:54,08 - Automacao inteligente - Queries:INTELIGENTE Sync:PERFEITO 
31/03/2026 16:08:32,52 - Automacao inteligente - Queries:INTELIGENTE Sync:PERFEITO 
31/03/2026 16:58:25,33 - Automacao inteligente - Queries:INTELIGENTE Sync:PERFEITO 
31/03/2026 17:43:17,51 - Automacao inteligente - Queries:INTELIGENTE Sync:PERFEITO 
31/03/2026 18:32:46,99 - Automacao inteligente - Queries:INTELIGENTE Sync:PERFEITO 
31/03/2026 19:20:02,62 - Automacao inteligente - Queries:INTELIGENTE Sync:PERFEITO 
31/03/2026 20:09:04,69 - Automacao inteligente - Queries:INTELIGENTE Sync:PERFEITO 
01/04/2026  6:29:44,65 - Automacao inteligente - Queries:INTELIGENTE Sync:PERFEITO 
01/04/2026  7:12:31,27 - Automacao inteligente - Queries:INTELIGENTE Sync:PERFEITO 
01/04/2026  8:02:06,18 - Automacao inteligente - Queries:INTELIGENTE Sync:PERFEITO 
01/04/2026  8:44:37,09 - Automacao inteligente - Queries:INTELIGENTE Sync:PERFEITO 
